{"/Users/fenglin/PycharmProjects/clip-bridge/src/index.js": {"path":"/Users/fenglin/PycharmProjects/clip-bridge/src/index.js","statementMap":{},"fnMap":{},"branchMap":{},"s":{},"f":{},"b":{}}
,"/Users/fenglin/PycharmProjects/clip-bridge/src/main.js": {"path":"/Users/fenglin/PycharmProjects/clip-bridge/src/main.js","statementMap":{"0":{"start":{"line":1,"column":51},"end":{"line":1,"column":70}},"1":{"start":{"line":2,"column":13},"end":{"line":2,"column":28}},"2":{"start":{"line":3,"column":18},"end":{"line":3,"column":42}},"3":{"start":{"line":5,"column":14},"end":{"line":5,"column":52}},"4":{"start":{"line":7,"column":20},"end":{"line":7,"column":24}},"5":{"start":{"line":8,"column":20},"end":{"line":8,"column":24}},"6":{"start":{"line":9,"column":23},"end":{"line":9,"column":32}},"7":{"start":{"line":12,"column":14},"end":{"line":26,"column":4}},"8":{"start":{"line":29,"column":2},"end":{"line":29,"column":34}},"9":{"start":{"line":32,"column":2},"end":{"line":34,"column":5}},"10":{"start":{"line":33,"column":4},"end":{"line":33,"column":15}},"11":{"start":{"line":37,"column":2},"end":{"line":47,"column":5}},"12":{"start":{"line":38,"column":4},"end":{"line":46,"column":7}},"13":{"start":{"line":49,"column":2},"end":{"line":63,"column":3}},"14":{"start":{"line":50,"column":22},"end":{"line":50,"column":48}},"15":{"start":{"line":51,"column":21},"end":{"line":51,"column":52}},"16":{"start":{"line":53,"column":4},"end":{"line":57,"column":7}},"17":{"start":{"line":54,"column":6},"end":{"line":54,"column":74}},"18":{"start":{"line":56,"column":6},"end":{"line":56,"column":65}},"19":{"start":{"line":60,"column":4},"end":{"line":60,"column":35}},"20":{"start":{"line":62,"column":4},"end":{"line":62,"column":62}},"21":{"start":{"line":66,"column":2},"end":{"line":68,"column":5}},"22":{"start":{"line":67,"column":4},"end":{"line":67,"column":80}},"23":{"start":{"line":71,"column":0},"end":{"line":77,"column":3}},"24":{"start":{"line":72,"column":2},"end":{"line":72,"column":17}},"25":{"start":{"line":74,"column":2},"end":{"line":76,"column":5}},"26":{"start":{"line":75,"column":4},"end":{"line":75,"column":67}},"27":{"start":{"line":75,"column":52},"end":{"line":75,"column":67}},"28":{"start":{"line":79,"column":0},"end":{"line":81,"column":3}},"29":{"start":{"line":80,"column":2},"end":{"line":80,"column":48}},"30":{"start":{"line":80,"column":37},"end":{"line":80,"column":48}},"31":{"start":{"line":85,"column":2},"end":{"line":122,"column":3}},"32":{"start":{"line":87,"column":28},"end":{"line":87,"column":95}},"33":{"start":{"line":88,"column":4},"end":{"line":102,"column":5}},"34":{"start":{"line":89,"column":28},"end":{"line":89,"column":46}},"35":{"start":{"line":90,"column":23},"end":{"line":90,"column":62}},"36":{"start":{"line":91,"column":25},"end":{"line":96,"column":7}},"37":{"start":{"line":98,"column":6},"end":{"line":98,"column":49}},"38":{"start":{"line":99,"column":6},"end":{"line":99,"column":51}},"39":{"start":{"line":100,"column":6},"end":{"line":100,"column":50}},"40":{"start":{"line":101,"column":6},"end":{"line":101,"column":13}},"41":{"start":{"line":105,"column":31},"end":{"line":105,"column":88}},"42":{"start":{"line":106,"column":4},"end":{"line":119,"column":5}},"43":{"start":{"line":107,"column":28},"end":{"line":107,"column":49}},"44":{"start":{"line":110,"column":6},"end":{"line":117,"column":7}},"45":{"start":{"line":111,"column":8},"end":{"line":116,"column":9}},"46":{"start":{"line":112,"column":10},"end":{"line":112,"column":44}},"47":{"start":{"line":113,"column":10},"end":{"line":113,"column":56}},"48":{"start":{"line":114,"column":10},"end":{"line":114,"column":55}},"49":{"start":{"line":115,"column":10},"end":{"line":115,"column":16}},"50":{"start":{"line":118,"column":6},"end":{"line":118,"column":13}},"51":{"start":{"line":121,"column":4},"end":{"line":121,"column":57}},"52":{"start":{"line":125,"column":0},"end":{"line":127,"column":3}},"53":{"start":{"line":126,"column":2},"end":{"line":126,"column":30}},"54":{"start":{"line":129,"column":0},"end":{"line":131,"column":3}},"55":{"start":{"line":130,"column":2},"end":{"line":130,"column":28}},"56":{"start":{"line":134,"column":0},"end":{"line":287,"column":3}},"57":{"start":{"line":135,"column":2},"end":{"line":286,"column":3}},"58":{"start":{"line":136,"column":4},"end":{"line":138,"column":5}},"59":{"start":{"line":137,"column":6},"end":{"line":137,"column":51}},"60":{"start":{"line":141,"column":23},"end":{"line":141,"column":32}},"61":{"start":{"line":143,"column":23},"end":{"line":143,"column":65}},"62":{"start":{"line":145,"column":4},"end":{"line":155,"column":7}},"63":{"start":{"line":157,"column":4},"end":{"line":283,"column":7}},"64":{"start":{"line":158,"column":22},"end":{"line":164,"column":15}},"65":{"start":{"line":159,"column":8},"end":{"line":162,"column":9}},"66":{"start":{"line":160,"column":10},"end":{"line":160,"column":31}},"67":{"start":{"line":161,"column":10},"end":{"line":161,"column":31}},"68":{"start":{"line":163,"column":8},"end":{"line":163,"column":52}},"69":{"start":{"line":166,"column":24},"end":{"line":166,"column":29}},"70":{"start":{"line":167,"column":22},"end":{"line":167,"column":24}},"71":{"start":{"line":169,"column":22},"end":{"line":169,"column":24}},"72":{"start":{"line":171,"column":6},"end":{"line":194,"column":9}},"73":{"start":{"line":172,"column":8},"end":{"line":172,"column":37}},"74":{"start":{"line":175,"column":22},"end":{"line":175,"column":43}},"75":{"start":{"line":176,"column":8},"end":{"line":176,"column":32}},"76":{"start":{"line":178,"column":8},"end":{"line":193,"column":11}},"77":{"start":{"line":179,"column":10},"end":{"line":192,"column":11}},"78":{"start":{"line":180,"column":12},"end":{"line":180,"column":48}},"79":{"start":{"line":181,"column":12},"end":{"line":181,"column":57}},"80":{"start":{"line":184,"column":12},"end":{"line":184,"column":50}},"81":{"start":{"line":186,"column":12},"end":{"line":191,"column":13}},"82":{"start":{"line":187,"column":14},"end":{"line":187,"column":33}},"83":{"start":{"line":188,"column":14},"end":{"line":188,"column":36}},"84":{"start":{"line":189,"column":14},"end":{"line":189,"column":60}},"85":{"start":{"line":190,"column":14},"end":{"line":190,"column":81}},"86":{"start":{"line":196,"column":24},"end":{"line":196,"column":26}},"87":{"start":{"line":198,"column":6},"end":{"line":234,"column":9}},"88":{"start":{"line":199,"column":8},"end":{"line":199,"column":39}},"89":{"start":{"line":202,"column":22},"end":{"line":202,"column":45}},"90":{"start":{"line":203,"column":8},"end":{"line":203,"column":34}},"91":{"start":{"line":205,"column":8},"end":{"line":233,"column":11}},"92":{"start":{"line":206,"column":10},"end":{"line":232,"column":11}},"93":{"start":{"line":207,"column":12},"end":{"line":207,"column":50}},"94":{"start":{"line":208,"column":12},"end":{"line":208,"column":48}},"95":{"start":{"line":211,"column":12},"end":{"line":211,"column":50}},"96":{"start":{"line":214,"column":12},"end":{"line":224,"column":13}},"97":{"start":{"line":220,"column":14},"end":{"line":220,"column":66}},"98":{"start":{"line":223,"column":14},"end":{"line":223,"column":59}},"99":{"start":{"line":226,"column":12},"end":{"line":231,"column":13}},"100":{"start":{"line":227,"column":14},"end":{"line":227,"column":33}},"101":{"start":{"line":228,"column":14},"end":{"line":228,"column":36}},"102":{"start":{"line":229,"column":14},"end":{"line":229,"column":35}},"103":{"start":{"line":230,"column":14},"end":{"line":230,"column":68}},"104":{"start":{"line":236,"column":6},"end":{"line":247,"column":9}},"105":{"start":{"line":237,"column":8},"end":{"line":237,"column":62}},"106":{"start":{"line":238,"column":8},"end":{"line":238,"column":50}},"107":{"start":{"line":239,"column":8},"end":{"line":239,"column":29}},"108":{"start":{"line":240,"column":8},"end":{"line":240,"column":33}},"109":{"start":{"line":241,"column":8},"end":{"line":241,"column":54}},"110":{"start":{"line":242,"column":8},"end":{"line":246,"column":9}},"111":{"start":{"line":243,"column":10},"end":{"line":243,"column":29}},"112":{"start":{"line":244,"column":10},"end":{"line":244,"column":32}},"113":{"start":{"line":245,"column":10},"end":{"line":245,"column":85}},"114":{"start":{"line":249,"column":6},"end":{"line":257,"column":9}},"115":{"start":{"line":250,"column":8},"end":{"line":250,"column":52}},"116":{"start":{"line":251,"column":8},"end":{"line":256,"column":9}},"117":{"start":{"line":252,"column":10},"end":{"line":252,"column":29}},"118":{"start":{"line":253,"column":10},"end":{"line":253,"column":32}},"119":{"start":{"line":254,"column":10},"end":{"line":254,"column":31}},"120":{"start":{"line":255,"column":10},"end":{"line":255,"column":72}},"121":{"start":{"line":260,"column":6},"end":{"line":282,"column":15}},"122":{"start":{"line":261,"column":8},"end":{"line":281,"column":9}},"123":{"start":{"line":262,"column":10},"end":{"line":262,"column":64}},"124":{"start":{"line":265,"column":23},"end":{"line":265,"column":38}},"125":{"start":{"line":266,"column":22},"end":{"line":273,"column":12}},"126":{"start":{"line":267,"column":12},"end":{"line":272,"column":13}},"127":{"start":{"line":268,"column":14},"end":{"line":268,"column":33}},"128":{"start":{"line":269,"column":14},"end":{"line":269,"column":36}},"129":{"start":{"line":270,"column":14},"end":{"line":270,"column":60}},"130":{"start":{"line":271,"column":14},"end":{"line":271,"column":106}},"131":{"start":{"line":275,"column":10},"end":{"line":278,"column":13}},"132":{"start":{"line":277,"column":12},"end":{"line":277,"column":78}},"133":{"start":{"line":280,"column":10},"end":{"line":280,"column":31}},"134":{"start":{"line":285,"column":4},"end":{"line":285,"column":52}},"135":{"start":{"line":289,"column":0},"end":{"line":314,"column":3}},"136":{"start":{"line":290,"column":2},"end":{"line":313,"column":3}},"137":{"start":{"line":291,"column":4},"end":{"line":293,"column":5}},"138":{"start":{"line":292,"column":6},"end":{"line":292,"column":47}},"139":{"start":{"line":295,"column":4},"end":{"line":295,"column":29}},"140":{"start":{"line":296,"column":4},"end":{"line":296,"column":34}},"141":{"start":{"line":298,"column":4},"end":{"line":310,"column":7}},"142":{"start":{"line":299,"column":22},"end":{"line":303,"column":14}},"143":{"start":{"line":300,"column":8},"end":{"line":300,"column":38}},"144":{"start":{"line":301,"column":8},"end":{"line":301,"column":29}},"145":{"start":{"line":302,"column":8},"end":{"line":302,"column":71}},"146":{"start":{"line":305,"column":6},"end":{"line":309,"column":9}},"147":{"start":{"line":306,"column":8},"end":{"line":306,"column":30}},"148":{"start":{"line":307,"column":8},"end":{"line":307,"column":29}},"149":{"start":{"line":308,"column":8},"end":{"line":308,"column":73}},"150":{"start":{"line":312,"column":4},"end":{"line":312,"column":52}},"151":{"start":{"line":316,"column":0},"end":{"line":406,"column":3}},"152":{"start":{"line":317,"column":2},"end":{"line":405,"column":3}},"153":{"start":{"line":318,"column":4},"end":{"line":320,"column":5}},"154":{"start":{"line":319,"column":6},"end":{"line":319,"column":51}},"155":{"start":{"line":322,"column":23},"end":{"line":322,"column":32}},"156":{"start":{"line":323,"column":23},"end":{"line":323,"column":65}},"157":{"start":{"line":325,"column":4},"end":{"line":335,"column":7}},"158":{"start":{"line":337,"column":4},"end":{"line":402,"column":7}},"159":{"start":{"line":338,"column":22},"end":{"line":340,"column":15}},"160":{"start":{"line":339,"column":8},"end":{"line":339,"column":52}},"161":{"start":{"line":342,"column":28},"end":{"line":342,"column":30}},"162":{"start":{"line":343,"column":30},"end":{"line":343,"column":32}},"163":{"start":{"line":345,"column":6},"end":{"line":361,"column":9}},"164":{"start":{"line":346,"column":8},"end":{"line":346,"column":43}},"165":{"start":{"line":349,"column":22},"end":{"line":349,"column":49}},"166":{"start":{"line":350,"column":8},"end":{"line":350,"column":38}},"167":{"start":{"line":352,"column":8},"end":{"line":360,"column":11}},"168":{"start":{"line":353,"column":10},"end":{"line":359,"column":11}},"169":{"start":{"line":354,"column":12},"end":{"line":354,"column":57}},"170":{"start":{"line":355,"column":12},"end":{"line":358,"column":13}},"171":{"start":{"line":356,"column":14},"end":{"line":356,"column":36}},"172":{"start":{"line":357,"column":14},"end":{"line":357,"column":83}},"173":{"start":{"line":363,"column":6},"end":{"line":392,"column":9}},"174":{"start":{"line":364,"column":8},"end":{"line":364,"column":45}},"175":{"start":{"line":367,"column":22},"end":{"line":367,"column":51}},"176":{"start":{"line":368,"column":8},"end":{"line":368,"column":40}},"177":{"start":{"line":370,"column":8},"end":{"line":391,"column":11}},"178":{"start":{"line":371,"column":10},"end":{"line":390,"column":11}},"179":{"start":{"line":373,"column":12},"end":{"line":376,"column":13}},"180":{"start":{"line":374,"column":14},"end":{"line":374,"column":36}},"181":{"start":{"line":375,"column":14},"end":{"line":375,"column":83}},"182":{"start":{"line":379,"column":12},"end":{"line":389,"column":13}},"183":{"start":{"line":385,"column":14},"end":{"line":385,"column":66}},"184":{"start":{"line":388,"column":14},"end":{"line":388,"column":59}},"185":{"start":{"line":394,"column":6},"end":{"line":401,"column":9}},"186":{"start":{"line":395,"column":8},"end":{"line":395,"column":29}},"187":{"start":{"line":396,"column":8},"end":{"line":396,"column":54}},"188":{"start":{"line":397,"column":8},"end":{"line":400,"column":9}},"189":{"start":{"line":398,"column":10},"end":{"line":398,"column":32}},"190":{"start":{"line":399,"column":10},"end":{"line":399,"column":63}},"191":{"start":{"line":404,"column":4},"end":{"line":404,"column":52}},"192":{"start":{"line":408,"column":0},"end":{"line":432,"column":3}},"193":{"start":{"line":409,"column":2},"end":{"line":431,"column":3}},"194":{"start":{"line":410,"column":4},"end":{"line":412,"column":5}},"195":{"start":{"line":411,"column":6},"end":{"line":411,"column":47}},"196":{"start":{"line":414,"column":4},"end":{"line":414,"column":34}},"197":{"start":{"line":416,"column":4},"end":{"line":428,"column":7}},"198":{"start":{"line":417,"column":22},"end":{"line":421,"column":14}},"199":{"start":{"line":418,"column":8},"end":{"line":418,"column":38}},"200":{"start":{"line":419,"column":8},"end":{"line":419,"column":29}},"201":{"start":{"line":420,"column":8},"end":{"line":420,"column":71}},"202":{"start":{"line":423,"column":6},"end":{"line":427,"column":9}},"203":{"start":{"line":424,"column":8},"end":{"line":424,"column":30}},"204":{"start":{"line":425,"column":8},"end":{"line":425,"column":29}},"205":{"start":{"line":426,"column":8},"end":{"line":426,"column":73}},"206":{"start":{"line":430,"column":4},"end":{"line":430,"column":52}},"207":{"start":{"line":434,"column":0},"end":{"line":439,"column":3}},"208":{"start":{"line":435,"column":2},"end":{"line":438,"column":4}},"209":{"start":{"line":441,"column":0},"end":{"line":444,"column":3}},"210":{"start":{"line":443,"column":2},"end":{"line":443,"column":47}},"211":{"start":{"line":447,"column":0},"end":{"line":454,"column":3}},"212":{"start":{"line":448,"column":2},"end":{"line":450,"column":3}},"213":{"start":{"line":449,"column":4},"end":{"line":449,"column":34}},"214":{"start":{"line":451,"column":2},"end":{"line":453,"column":3}},"215":{"start":{"line":452,"column":4},"end":{"line":452,"column":34}}},"fnMap":{"0":{"name":"createWindow","decl":{"start":{"line":11,"column":9},"end":{"line":11,"column":21}},"loc":{"start":{"line":11,"column":24},"end":{"line":69,"column":1}},"line":11},"1":{"name":"(anonymous_1)","decl":{"start":{"line":32,"column":28},"end":{"line":32,"column":29}},"loc":{"start":{"line":32,"column":34},"end":{"line":34,"column":3}},"line":32},"2":{"name":"(anonymous_2)","decl":{"start":{"line":37,"column":34},"end":{"line":37,"column":35}},"loc":{"start":{"line":37,"column":40},"end":{"line":47,"column":3}},"line":37},"3":{"name":"(anonymous_3)","decl":{"start":{"line":53,"column":32},"end":{"line":53,"column":33}},"loc":{"start":{"line":53,"column":39},"end":{"line":57,"column":5}},"line":53},"4":{"name":"(anonymous_4)","decl":{"start":{"line":66,"column":38},"end":{"line":66,"column":39}},"loc":{"start":{"line":66,"column":92},"end":{"line":68,"column":3}},"line":66},"5":{"name":"(anonymous_5)","decl":{"start":{"line":71,"column":21},"end":{"line":71,"column":22}},"loc":{"start":{"line":71,"column":27},"end":{"line":77,"column":1}},"line":71},"6":{"name":"(anonymous_6)","decl":{"start":{"line":74,"column":21},"end":{"line":74,"column":22}},"loc":{"start":{"line":74,"column":33},"end":{"line":76,"column":3}},"line":74},"7":{"name":"(anonymous_7)","decl":{"start":{"line":79,"column":28},"end":{"line":79,"column":29}},"loc":{"start":{"line":79,"column":40},"end":{"line":81,"column":1}},"line":79},"8":{"name":"parseClientEvents","decl":{"start":{"line":84,"column":9},"end":{"line":84,"column":26}},"loc":{"start":{"line":84,"column":44},"end":{"line":123,"column":1}},"line":84},"9":{"name":"(anonymous_9)","decl":{"start":{"line":125,"column":32},"end":{"line":125,"column":33}},"loc":{"start":{"line":125,"column":38},"end":{"line":127,"column":1}},"line":125},"10":{"name":"(anonymous_10)","decl":{"start":{"line":129,"column":32},"end":{"line":129,"column":33}},"loc":{"start":{"line":129,"column":49},"end":{"line":131,"column":1}},"line":129},"11":{"name":"(anonymous_11)","decl":{"start":{"line":134,"column":31},"end":{"line":134,"column":32}},"loc":{"start":{"line":134,"column":56},"end":{"line":287,"column":1}},"line":134},"12":{"name":"(anonymous_12)","decl":{"start":{"line":157,"column":23},"end":{"line":157,"column":24}},"loc":{"start":{"line":157,"column":44},"end":{"line":283,"column":5}},"line":157},"13":{"name":"(anonymous_13)","decl":{"start":{"line":158,"column":33},"end":{"line":158,"column":34}},"loc":{"start":{"line":158,"column":39},"end":{"line":164,"column":7}},"line":158},"14":{"name":"(anonymous_14)","decl":{"start":{"line":171,"column":38},"end":{"line":171,"column":39}},"loc":{"start":{"line":171,"column":48},"end":{"line":194,"column":7}},"line":171},"15":{"name":"(anonymous_15)","decl":{"start":{"line":178,"column":22},"end":{"line":178,"column":23}},"loc":{"start":{"line":178,"column":30},"end":{"line":193,"column":9}},"line":178},"16":{"name":"(anonymous_16)","decl":{"start":{"line":198,"column":38},"end":{"line":198,"column":39}},"loc":{"start":{"line":198,"column":48},"end":{"line":234,"column":7}},"line":198},"17":{"name":"(anonymous_17)","decl":{"start":{"line":205,"column":22},"end":{"line":205,"column":23}},"loc":{"start":{"line":205,"column":30},"end":{"line":233,"column":9}},"line":205},"18":{"name":"(anonymous_18)","decl":{"start":{"line":236,"column":31},"end":{"line":236,"column":32}},"loc":{"start":{"line":236,"column":41},"end":{"line":247,"column":7}},"line":236},"19":{"name":"(anonymous_19)","decl":{"start":{"line":249,"column":32},"end":{"line":249,"column":33}},"loc":{"start":{"line":249,"column":43},"end":{"line":257,"column":7}},"line":249},"20":{"name":"(anonymous_20)","decl":{"start":{"line":260,"column":17},"end":{"line":260,"column":18}},"loc":{"start":{"line":260,"column":23},"end":{"line":282,"column":7}},"line":260},"21":{"name":"(anonymous_21)","decl":{"start":{"line":266,"column":66},"end":{"line":266,"column":67}},"loc":{"start":{"line":266,"column":72},"end":{"line":273,"column":11}},"line":266},"22":{"name":"(anonymous_22)","decl":{"start":{"line":275,"column":26},"end":{"line":275,"column":27}},"loc":{"start":{"line":275,"column":35},"end":{"line":278,"column":11}},"line":275},"23":{"name":"(anonymous_23)","decl":{"start":{"line":289,"column":30},"end":{"line":289,"column":31}},"loc":{"start":{"line":289,"column":42},"end":{"line":314,"column":1}},"line":289},"24":{"name":"(anonymous_24)","decl":{"start":{"line":298,"column":23},"end":{"line":298,"column":24}},"loc":{"start":{"line":298,"column":36},"end":{"line":310,"column":5}},"line":298},"25":{"name":"(anonymous_25)","decl":{"start":{"line":299,"column":33},"end":{"line":299,"column":34}},"loc":{"start":{"line":299,"column":39},"end":{"line":303,"column":7}},"line":299},"26":{"name":"(anonymous_26)","decl":{"start":{"line":305,"column":31},"end":{"line":305,"column":32}},"loc":{"start":{"line":305,"column":37},"end":{"line":309,"column":7}},"line":305},"27":{"name":"(anonymous_27)","decl":{"start":{"line":316,"column":31},"end":{"line":316,"column":32}},"loc":{"start":{"line":316,"column":56},"end":{"line":406,"column":1}},"line":316},"28":{"name":"(anonymous_28)","decl":{"start":{"line":337,"column":23},"end":{"line":337,"column":24}},"loc":{"start":{"line":337,"column":44},"end":{"line":402,"column":5}},"line":337},"29":{"name":"(anonymous_29)","decl":{"start":{"line":338,"column":33},"end":{"line":338,"column":34}},"loc":{"start":{"line":338,"column":39},"end":{"line":340,"column":7}},"line":338},"30":{"name":"(anonymous_30)","decl":{"start":{"line":345,"column":38},"end":{"line":345,"column":39}},"loc":{"start":{"line":345,"column":48},"end":{"line":361,"column":7}},"line":345},"31":{"name":"(anonymous_31)","decl":{"start":{"line":352,"column":22},"end":{"line":352,"column":23}},"loc":{"start":{"line":352,"column":30},"end":{"line":360,"column":9}},"line":352},"32":{"name":"(anonymous_32)","decl":{"start":{"line":363,"column":38},"end":{"line":363,"column":39}},"loc":{"start":{"line":363,"column":48},"end":{"line":392,"column":7}},"line":363},"33":{"name":"(anonymous_33)","decl":{"start":{"line":370,"column":22},"end":{"line":370,"column":23}},"loc":{"start":{"line":370,"column":30},"end":{"line":391,"column":9}},"line":370},"34":{"name":"(anonymous_34)","decl":{"start":{"line":394,"column":31},"end":{"line":394,"column":32}},"loc":{"start":{"line":394,"column":41},"end":{"line":401,"column":7}},"line":394},"35":{"name":"(anonymous_35)","decl":{"start":{"line":408,"column":30},"end":{"line":408,"column":31}},"loc":{"start":{"line":408,"column":42},"end":{"line":432,"column":1}},"line":408},"36":{"name":"(anonymous_36)","decl":{"start":{"line":416,"column":23},"end":{"line":416,"column":24}},"loc":{"start":{"line":416,"column":36},"end":{"line":428,"column":5}},"line":416},"37":{"name":"(anonymous_37)","decl":{"start":{"line":417,"column":33},"end":{"line":417,"column":34}},"loc":{"start":{"line":417,"column":39},"end":{"line":421,"column":7}},"line":417},"38":{"name":"(anonymous_38)","decl":{"start":{"line":423,"column":31},"end":{"line":423,"column":32}},"loc":{"start":{"line":423,"column":37},"end":{"line":427,"column":7}},"line":423},"39":{"name":"(anonymous_39)","decl":{"start":{"line":434,"column":37},"end":{"line":434,"column":38}},"loc":{"start":{"line":434,"column":43},"end":{"line":439,"column":1}},"line":434},"40":{"name":"(anonymous_40)","decl":{"start":{"line":441,"column":40},"end":{"line":441,"column":41}},"loc":{"start":{"line":441,"column":46},"end":{"line":444,"column":1}},"line":441},"41":{"name":"(anonymous_41)","decl":{"start":{"line":447,"column":22},"end":{"line":447,"column":23}},"loc":{"start":{"line":447,"column":28},"end":{"line":454,"column":1}},"line":447}},"branchMap":{"0":{"loc":{"start":{"line":49,"column":2},"end":{"line":63,"column":3}},"type":"if","locations":[{"start":{"line":49,"column":2},"end":{"line":63,"column":3}},{"start":{"line":61,"column":9},"end":{"line":63,"column":3}}],"line":49},"1":{"loc":{"start":{"line":50,"column":22},"end":{"line":50,"column":48}},"type":"binary-expr","locations":[{"start":{"line":50,"column":22},"end":{"line":50,"column":38}},{"start":{"line":50,"column":42},"end":{"line":50,"column":48}}],"line":50},"2":{"loc":{"start":{"line":75,"column":4},"end":{"line":75,"column":67}},"type":"if","locations":[{"start":{"line":75,"column":4},"end":{"line":75,"column":67}},{"start":{},"end":{}}],"line":75},"3":{"loc":{"start":{"line":80,"column":2},"end":{"line":80,"column":48}},"type":"if","locations":[{"start":{"line":80,"column":2},"end":{"line":80,"column":48}},{"start":{},"end":{}}],"line":80},"4":{"loc":{"start":{"line":88,"column":4},"end":{"line":102,"column":5}},"type":"if","locations":[{"start":{"line":88,"column":4},"end":{"line":102,"column":5}},{"start":{},"end":{}}],"line":88},"5":{"loc":{"start":{"line":106,"column":4},"end":{"line":119,"column":5}},"type":"if","locations":[{"start":{"line":106,"column":4},"end":{"line":119,"column":5}},{"start":{},"end":{}}],"line":106},"6":{"loc":{"start":{"line":111,"column":8},"end":{"line":116,"column":9}},"type":"if","locations":[{"start":{"line":111,"column":8},"end":{"line":116,"column":9}},{"start":{},"end":{}}],"line":111},"7":{"loc":{"start":{"line":136,"column":4},"end":{"line":138,"column":5}},"type":"if","locations":[{"start":{"line":136,"column":4},"end":{"line":138,"column":5}},{"start":{},"end":{}}],"line":136},"8":{"loc":{"start":{"line":149,"column":19},"end":{"line":149,"column":44}},"type":"binary-expr","locations":[{"start":{"line":149,"column":19},"end":{"line":149,"column":34}},{"start":{"line":149,"column":38},"end":{"line":149,"column":44}}],"line":149},"9":{"loc":{"start":{"line":159,"column":8},"end":{"line":162,"column":9}},"type":"if","locations":[{"start":{"line":159,"column":8},"end":{"line":162,"column":9}},{"start":{},"end":{}}],"line":159},"10":{"loc":{"start":{"line":179,"column":10},"end":{"line":192,"column":11}},"type":"if","locations":[{"start":{"line":179,"column":10},"end":{"line":192,"column":11}},{"start":{},"end":{}}],"line":179},"11":{"loc":{"start":{"line":186,"column":12},"end":{"line":191,"column":13}},"type":"if","locations":[{"start":{"line":186,"column":12},"end":{"line":191,"column":13}},{"start":{},"end":{}}],"line":186},"12":{"loc":{"start":{"line":186,"column":16},"end":{"line":186,"column":76}},"type":"binary-expr","locations":[{"start":{"line":186,"column":16},"end":{"line":186,"column":60}},{"start":{"line":186,"column":64},"end":{"line":186,"column":76}}],"line":186},"13":{"loc":{"start":{"line":206,"column":10},"end":{"line":232,"column":11}},"type":"if","locations":[{"start":{"line":206,"column":10},"end":{"line":232,"column":11}},{"start":{},"end":{}}],"line":206},"14":{"loc":{"start":{"line":214,"column":12},"end":{"line":224,"column":13}},"type":"if","locations":[{"start":{"line":214,"column":12},"end":{"line":224,"column":13}},{"start":{"line":221,"column":19},"end":{"line":224,"column":13}}],"line":214},"15":{"loc":{"start":{"line":214,"column":16},"end":{"line":219,"column":42}},"type":"binary-expr","locations":[{"start":{"line":214,"column":16},"end":{"line":214,"column":39}},{"start":{"line":215,"column":16},"end":{"line":215,"column":42}},{"start":{"line":216,"column":16},"end":{"line":216,"column":44}},{"start":{"line":217,"column":16},"end":{"line":217,"column":52}},{"start":{"line":218,"column":16},"end":{"line":218,"column":42}},{"start":{"line":219,"column":16},"end":{"line":219,"column":42}}],"line":214},"16":{"loc":{"start":{"line":226,"column":12},"end":{"line":231,"column":13}},"type":"if","locations":[{"start":{"line":226,"column":12},"end":{"line":231,"column":13}},{"start":{},"end":{}}],"line":226},"17":{"loc":{"start":{"line":226,"column":16},"end":{"line":226,"column":102}},"type":"binary-expr","locations":[{"start":{"line":226,"column":16},"end":{"line":226,"column":28}},{"start":{"line":226,"column":33},"end":{"line":226,"column":61}},{"start":{"line":226,"column":65},"end":{"line":226,"column":101}}],"line":226},"18":{"loc":{"start":{"line":242,"column":8},"end":{"line":246,"column":9}},"type":"if","locations":[{"start":{"line":242,"column":8},"end":{"line":246,"column":9}},{"start":{},"end":{}}],"line":242},"19":{"loc":{"start":{"line":242,"column":12},"end":{"line":242,"column":38}},"type":"binary-expr","locations":[{"start":{"line":242,"column":12},"end":{"line":242,"column":22}},{"start":{"line":242,"column":26},"end":{"line":242,"column":38}}],"line":242},"20":{"loc":{"start":{"line":251,"column":8},"end":{"line":256,"column":9}},"type":"if","locations":[{"start":{"line":251,"column":8},"end":{"line":256,"column":9}},{"start":{},"end":{}}],"line":251},"21":{"loc":{"start":{"line":261,"column":8},"end":{"line":281,"column":9}},"type":"if","locations":[{"start":{"line":261,"column":8},"end":{"line":281,"column":9}},{"start":{},"end":{}}],"line":261},"22":{"loc":{"start":{"line":261,"column":12},"end":{"line":261,"column":41}},"type":"binary-expr","locations":[{"start":{"line":261,"column":12},"end":{"line":261,"column":25}},{"start":{"line":261,"column":29},"end":{"line":261,"column":41}}],"line":261},"23":{"loc":{"start":{"line":267,"column":12},"end":{"line":272,"column":13}},"type":"if","locations":[{"start":{"line":267,"column":12},"end":{"line":272,"column":13}},{"start":{},"end":{}}],"line":267},"24":{"loc":{"start":{"line":291,"column":4},"end":{"line":293,"column":5}},"type":"if","locations":[{"start":{"line":291,"column":4},"end":{"line":293,"column":5}},{"start":{},"end":{}}],"line":291},"25":{"loc":{"start":{"line":318,"column":4},"end":{"line":320,"column":5}},"type":"if","locations":[{"start":{"line":318,"column":4},"end":{"line":320,"column":5}},{"start":{},"end":{}}],"line":318},"26":{"loc":{"start":{"line":330,"column":19},"end":{"line":330,"column":44}},"type":"binary-expr","locations":[{"start":{"line":330,"column":19},"end":{"line":330,"column":34}},{"start":{"line":330,"column":38},"end":{"line":330,"column":44}}],"line":330},"27":{"loc":{"start":{"line":353,"column":10},"end":{"line":359,"column":11}},"type":"if","locations":[{"start":{"line":353,"column":10},"end":{"line":359,"column":11}},{"start":{},"end":{}}],"line":353},"28":{"loc":{"start":{"line":355,"column":12},"end":{"line":358,"column":13}},"type":"if","locations":[{"start":{"line":355,"column":12},"end":{"line":358,"column":13}},{"start":{},"end":{}}],"line":355},"29":{"loc":{"start":{"line":371,"column":10},"end":{"line":390,"column":11}},"type":"if","locations":[{"start":{"line":371,"column":10},"end":{"line":390,"column":11}},{"start":{},"end":{}}],"line":371},"30":{"loc":{"start":{"line":373,"column":12},"end":{"line":376,"column":13}},"type":"if","locations":[{"start":{"line":373,"column":12},"end":{"line":376,"column":13}},{"start":{},"end":{}}],"line":373},"31":{"loc":{"start":{"line":379,"column":12},"end":{"line":389,"column":13}},"type":"if","locations":[{"start":{"line":379,"column":12},"end":{"line":389,"column":13}},{"start":{"line":386,"column":19},"end":{"line":389,"column":13}}],"line":379},"32":{"loc":{"start":{"line":379,"column":16},"end":{"line":384,"column":42}},"type":"binary-expr","locations":[{"start":{"line":379,"column":16},"end":{"line":379,"column":39}},{"start":{"line":380,"column":16},"end":{"line":380,"column":42}},{"start":{"line":381,"column":16},"end":{"line":381,"column":44}},{"start":{"line":382,"column":16},"end":{"line":382,"column":52}},{"start":{"line":383,"column":16},"end":{"line":383,"column":42}},{"start":{"line":384,"column":16},"end":{"line":384,"column":42}}],"line":379},"33":{"loc":{"start":{"line":397,"column":8},"end":{"line":400,"column":9}},"type":"if","locations":[{"start":{"line":397,"column":8},"end":{"line":400,"column":9}},{"start":{},"end":{}}],"line":397},"34":{"loc":{"start":{"line":410,"column":4},"end":{"line":412,"column":5}},"type":"if","locations":[{"start":{"line":410,"column":4},"end":{"line":412,"column":5}},{"start":{},"end":{}}],"line":410},"35":{"loc":{"start":{"line":436,"column":12},"end":{"line":436,"column":49}},"type":"cond-expr","locations":[{"start":{"line":436,"column":28},"end":{"line":436,"column":37}},{"start":{"line":436,"column":40},"end":{"line":436,"column":49}}],"line":436},"36":{"loc":{"start":{"line":437,"column":12},"end":{"line":437,"column":49}},"type":"cond-expr","locations":[{"start":{"line":437,"column":28},"end":{"line":437,"column":37}},{"start":{"line":437,"column":40},"end":{"line":437,"column":49}}],"line":437},"37":{"loc":{"start":{"line":448,"column":2},"end":{"line":450,"column":3}},"type":"if","locations":[{"start":{"line":448,"column":2},"end":{"line":450,"column":3}},{"start":{},"end":{}}],"line":448},"38":{"loc":{"start":{"line":451,"column":2},"end":{"line":453,"column":3}},"type":"if","locations":[{"start":{"line":451,"column":2},"end":{"line":453,"column":3}},{"start":{},"end":{}}],"line":451}},"s":{"0":0,"1":0,"2":0,"3":0,"4":0,"5":0,"6":0,"7":0,"8":0,"9":0,"10":0,"11":0,"12":0,"13":0,"14":0,"15":0,"16":0,"17":0,"18":0,"19":0,"20":0,"21":0,"22":0,"23":0,"24":0,"25":0,"26":0,"27":0,"28":0,"29":0,"30":0,"31":0,"32":0,"33":0,"34":0,"35":0,"36":0,"37":0,"38":0,"39":0,"40":0,"41":0,"42":0,"43":0,"44":0,"45":0,"46":0,"47":0,"48":0,"49":0,"50":0,"51":0,"52":0,"53":0,"54":0,"55":0,"56":0,"57":0,"58":0,"59":0,"60":0,"61":0,"62":0,"63":0,"64":0,"65":0,"66":0,"67":0,"68":0,"69":0,"70":0,"71":0,"72":0,"73":0,"74":0,"75":0,"76":0,"77":0,"78":0,"79":0,"80":0,"81":0,"82":0,"83":0,"84":0,"85":0,"86":0,"87":0,"88":0,"89":0,"90":0,"91":0,"92":0,"93":0,"94":0,"95":0,"96":0,"97":0,"98":0,"99":0,"100":0,"101":0,"102":0,"103":0,"104":0,"105":0,"106":0,"107":0,"108":0,"109":0,"110":0,"111":0,"112":0,"113":0,"114":0,"115":0,"116":0,"117":0,"118":0,"119":0,"120":0,"121":0,"122":0,"123":0,"124":0,"125":0,"126":0,"127":0,"128":0,"129":0,"130":0,"131":0,"132":0,"133":0,"134":0,"135":0,"136":0,"137":0,"138":0,"139":0,"140":0,"141":0,"142":0,"143":0,"144":0,"145":0,"146":0,"147":0,"148":0,"149":0,"150":0,"151":0,"152":0,"153":0,"154":0,"155":0,"156":0,"157":0,"158":0,"159":0,"160":0,"161":0,"162":0,"163":0,"164":0,"165":0,"166":0,"167":0,"168":0,"169":0,"170":0,"171":0,"172":0,"173":0,"174":0,"175":0,"176":0,"177":0,"178":0,"179":0,"180":0,"181":0,"182":0,"183":0,"184":0,"185":0,"186":0,"187":0,"188":0,"189":0,"190":0,"191":0,"192":0,"193":0,"194":0,"195":0,"196":0,"197":0,"198":0,"199":0,"200":0,"201":0,"202":0,"203":0,"204":0,"205":0,"206":0,"207":0,"208":0,"209":0,"210":0,"211":0,"212":0,"213":0,"214":0,"215":0},"f":{"0":0,"1":0,"2":0,"3":0,"4":0,"5":0,"6":0,"7":0,"8":0,"9":0,"10":0,"11":0,"12":0,"13":0,"14":0,"15":0,"16":0,"17":0,"18":0,"19":0,"20":0,"21":0,"22":0,"23":0,"24":0,"25":0,"26":0,"27":0,"28":0,"29":0,"30":0,"31":0,"32":0,"33":0,"34":0,"35":0,"36":0,"37":0,"38":0,"39":0,"40":0,"41":0},"b":{"0":[0,0],"1":[0,0],"2":[0,0],"3":[0,0],"4":[0,0],"5":[0,0],"6":[0,0],"7":[0,0],"8":[0,0],"9":[0,0],"10":[0,0],"11":[0,0],"12":[0,0],"13":[0,0],"14":[0,0],"15":[0,0,0,0,0,0],"16":[0,0],"17":[0,0,0],"18":[0,0],"19":[0,0],"20":[0,0],"21":[0,0],"22":[0,0],"23":[0,0],"24":[0,0],"25":[0,0],"26":[0,0],"27":[0,0],"28":[0,0],"29":[0,0],"30":[0,0],"31":[0,0],"32":[0,0,0,0,0,0],"33":[0,0],"34":[0,0],"35":[0,0],"36":[0,0],"37":[0,0],"38":[0,0]}}
,"/Users/fenglin/PycharmProjects/clip-bridge/src/preload.js": {"path":"/Users/fenglin/PycharmProjects/clip-bridge/src/preload.js","statementMap":{"0":{"start":{"line":1,"column":39},"end":{"line":1,"column":58}},"1":{"start":{"line":3,"column":0},"end":{"line":43,"column":3}},"2":{"start":{"line":5,"column":22},"end":{"line":5,"column":57}},"3":{"start":{"line":6,"column":26},"end":{"line":6,"column":67}},"4":{"start":{"line":9,"column":27},"end":{"line":9,"column":69}},"5":{"start":{"line":10,"column":20},"end":{"line":10,"column":53}},"6":{"start":{"line":11,"column":27},"end":{"line":11,"column":69}},"7":{"start":{"line":12,"column":20},"end":{"line":12,"column":53}},"8":{"start":{"line":13,"column":26},"end":{"line":13,"column":66}},"9":{"start":{"line":17,"column":4},"end":{"line":17,"column":62}},"10":{"start":{"line":17,"column":46},"end":{"line":17,"column":60}},"11":{"start":{"line":18,"column":4},"end":{"line":18,"column":62}},"12":{"start":{"line":18,"column":17},"end":{"line":18,"column":61}},"13":{"start":{"line":21,"column":4},"end":{"line":21,"column":62}},"14":{"start":{"line":21,"column":46},"end":{"line":21,"column":60}},"15":{"start":{"line":22,"column":4},"end":{"line":22,"column":62}},"16":{"start":{"line":22,"column":17},"end":{"line":22,"column":61}},"17":{"start":{"line":25,"column":4},"end":{"line":25,"column":69}},"18":{"start":{"line":25,"column":51},"end":{"line":25,"column":67}},"19":{"start":{"line":26,"column":4},"end":{"line":26,"column":65}},"20":{"start":{"line":26,"column":17},"end":{"line":26,"column":64}},"21":{"start":{"line":29,"column":4},"end":{"line":29,"column":69}},"22":{"start":{"line":29,"column":51},"end":{"line":29,"column":67}},"23":{"start":{"line":30,"column":4},"end":{"line":30,"column":65}},"24":{"start":{"line":30,"column":17},"end":{"line":30,"column":64}},"25":{"start":{"line":34,"column":29},"end":{"line":34,"column":72}},"26":{"start":{"line":36,"column":4},"end":{"line":36,"column":80}},"27":{"start":{"line":36,"column":58},"end":{"line":36,"column":78}},"28":{"start":{"line":37,"column":4},"end":{"line":37,"column":68}},"29":{"start":{"line":37,"column":17},"end":{"line":37,"column":67}},"30":{"start":{"line":40,"column":4},"end":{"line":40,"column":79}},"31":{"start":{"line":40,"column":59},"end":{"line":40,"column":77}},"32":{"start":{"line":41,"column":4},"end":{"line":41,"column":71}},"33":{"start":{"line":41,"column":17},"end":{"line":41,"column":70}}},"fnMap":{"0":{"name":"(anonymous_0)","decl":{"start":{"line":5,"column":16},"end":{"line":5,"column":17}},"loc":{"start":{"line":5,"column":22},"end":{"line":5,"column":57}},"line":5},"1":{"name":"(anonymous_1)","decl":{"start":{"line":6,"column":16},"end":{"line":6,"column":17}},"loc":{"start":{"line":6,"column":26},"end":{"line":6,"column":67}},"line":6},"2":{"name":"(anonymous_2)","decl":{"start":{"line":9,"column":15},"end":{"line":9,"column":16}},"loc":{"start":{"line":9,"column":27},"end":{"line":9,"column":69}},"line":9},"3":{"name":"(anonymous_3)","decl":{"start":{"line":10,"column":14},"end":{"line":10,"column":15}},"loc":{"start":{"line":10,"column":20},"end":{"line":10,"column":53}},"line":10},"4":{"name":"(anonymous_4)","decl":{"start":{"line":11,"column":15},"end":{"line":11,"column":16}},"loc":{"start":{"line":11,"column":27},"end":{"line":11,"column":69}},"line":11},"5":{"name":"(anonymous_5)","decl":{"start":{"line":12,"column":14},"end":{"line":12,"column":15}},"loc":{"start":{"line":12,"column":20},"end":{"line":12,"column":53}},"line":12},"6":{"name":"(anonymous_6)","decl":{"start":{"line":13,"column":20},"end":{"line":13,"column":21}},"loc":{"start":{"line":13,"column":26},"end":{"line":13,"column":66}},"line":13},"7":{"name":"(anonymous_7)","decl":{"start":{"line":16,"column":15},"end":{"line":16,"column":16}},"loc":{"start":{"line":16,"column":29},"end":{"line":19,"column":3}},"line":16},"8":{"name":"(anonymous_8)","decl":{"start":{"line":17,"column":33},"end":{"line":17,"column":34}},"loc":{"start":{"line":17,"column":46},"end":{"line":17,"column":60}},"line":17},"9":{"name":"(anonymous_9)","decl":{"start":{"line":18,"column":11},"end":{"line":18,"column":12}},"loc":{"start":{"line":18,"column":17},"end":{"line":18,"column":61}},"line":18},"10":{"name":"(anonymous_10)","decl":{"start":{"line":20,"column":15},"end":{"line":20,"column":16}},"loc":{"start":{"line":20,"column":29},"end":{"line":23,"column":3}},"line":20},"11":{"name":"(anonymous_11)","decl":{"start":{"line":21,"column":33},"end":{"line":21,"column":34}},"loc":{"start":{"line":21,"column":46},"end":{"line":21,"column":60}},"line":21},"12":{"name":"(anonymous_12)","decl":{"start":{"line":22,"column":11},"end":{"line":22,"column":12}},"loc":{"start":{"line":22,"column":17},"end":{"line":22,"column":61}},"line":22},"13":{"name":"(anonymous_13)","decl":{"start":{"line":24,"column":18},"end":{"line":24,"column":19}},"loc":{"start":{"line":24,"column":32},"end":{"line":27,"column":3}},"line":24},"14":{"name":"(anonymous_14)","decl":{"start":{"line":25,"column":36},"end":{"line":25,"column":37}},"loc":{"start":{"line":25,"column":51},"end":{"line":25,"column":67}},"line":25},"15":{"name":"(anonymous_15)","decl":{"start":{"line":26,"column":11},"end":{"line":26,"column":12}},"loc":{"start":{"line":26,"column":17},"end":{"line":26,"column":64}},"line":26},"16":{"name":"(anonymous_16)","decl":{"start":{"line":28,"column":18},"end":{"line":28,"column":19}},"loc":{"start":{"line":28,"column":32},"end":{"line":31,"column":3}},"line":28},"17":{"name":"(anonymous_17)","decl":{"start":{"line":29,"column":36},"end":{"line":29,"column":37}},"loc":{"start":{"line":29,"column":51},"end":{"line":29,"column":67}},"line":29},"18":{"name":"(anonymous_18)","decl":{"start":{"line":30,"column":11},"end":{"line":30,"column":12}},"loc":{"start":{"line":30,"column":17},"end":{"line":30,"column":64}},"line":30},"19":{"name":"(anonymous_19)","decl":{"start":{"line":34,"column":23},"end":{"line":34,"column":24}},"loc":{"start":{"line":34,"column":29},"end":{"line":34,"column":72}},"line":34},"20":{"name":"(anonymous_20)","decl":{"start":{"line":35,"column":21},"end":{"line":35,"column":22}},"loc":{"start":{"line":35,"column":35},"end":{"line":38,"column":3}},"line":35},"21":{"name":"(anonymous_21)","decl":{"start":{"line":36,"column":39},"end":{"line":36,"column":40}},"loc":{"start":{"line":36,"column":58},"end":{"line":36,"column":78}},"line":36},"22":{"name":"(anonymous_22)","decl":{"start":{"line":37,"column":11},"end":{"line":37,"column":12}},"loc":{"start":{"line":37,"column":17},"end":{"line":37,"column":67}},"line":37},"23":{"name":"(anonymous_23)","decl":{"start":{"line":39,"column":24},"end":{"line":39,"column":25}},"loc":{"start":{"line":39,"column":38},"end":{"line":42,"column":3}},"line":39},"24":{"name":"(anonymous_24)","decl":{"start":{"line":40,"column":42},"end":{"line":40,"column":43}},"loc":{"start":{"line":40,"column":59},"end":{"line":40,"column":77}},"line":40},"25":{"name":"(anonymous_25)","decl":{"start":{"line":41,"column":11},"end":{"line":41,"column":12}},"loc":{"start":{"line":41,"column":17},"end":{"line":41,"column":70}},"line":41}},"branchMap":{},"s":{"0":1,"1":1,"2":1,"3":1,"4":1,"5":1,"6":0,"7":0,"8":0,"9":0,"10":0,"11":0,"12":0,"13":0,"14":0,"15":0,"16":0,"17":0,"18":0,"19":0,"20":0,"21":0,"22":0,"23":0,"24":0,"25":0,"26":0,"27":0,"28":0,"29":0,"30":0,"31":0,"32":0,"33":0},"f":{"0":1,"1":1,"2":1,"3":1,"4":0,"5":0,"6":0,"7":0,"8":0,"9":0,"10":0,"11":0,"12":0,"13":0,"14":0,"15":0,"16":0,"17":0,"18":0,"19":0,"20":0,"21":0,"22":0,"23":0,"24":0,"25":0},"b":{},"_coverageSchema":"1a1c01bbd47fc00a2c39e90264f33305004495a9","hash":"55b9b9245bfb2e97072780c883d528d3cb4fb71d"}
,"/Users/fenglin/PycharmProjects/clip-bridge/src/renderer/App.jsx": {"path":"/Users/fenglin/PycharmProjects/clip-bridge/src/renderer/App.jsx","statementMap":{"0":{"start":{"line":40,"column":38},"end":{"line":40,"column":49}},"1":{"start":{"line":41,"column":42},"end":{"line":41,"column":57}},"2":{"start":{"line":42,"column":26},"end":{"line":42,"column":44}},"3":{"start":{"line":43,"column":36},"end":{"line":43,"column":51}},"4":{"start":{"line":44,"column":30},"end":{"line":49,"column":4}},"5":{"start":{"line":50,"column":30},"end":{"line":50,"column":46}},"6":{"start":{"line":51,"column":26},"end":{"line":51,"column":38}},"7":{"start":{"line":52,"column":50},"end":{"line":52,"column":62}},"8":{"start":{"line":55,"column":22},"end":{"line":58,"column":3}},"9":{"start":{"line":60,"column":29},"end":{"line":62,"column":3}},"10":{"start":{"line":61,"column":4},"end":{"line":61,"column":51}},"11":{"start":{"line":61,"column":23},"end":{"line":61,"column":48}},"12":{"start":{"line":65,"column":2},"end":{"line":143,"column":13}},"13":{"start":{"line":66,"column":36},"end":{"line":66,"column":69}},"14":{"start":{"line":67,"column":36},"end":{"line":67,"column":69}},"15":{"start":{"line":68,"column":39},"end":{"line":76,"column":6}},"16":{"start":{"line":69,"column":6},"end":{"line":69,"column":24}},"17":{"start":{"line":70,"column":6},"end":{"line":75,"column":7}},"18":{"start":{"line":71,"column":8},"end":{"line":71,"column":28}},"19":{"start":{"line":72,"column":8},"end":{"line":72,"column":32}},"20":{"start":{"line":73,"column":13},"end":{"line":75,"column":7}},"21":{"start":{"line":74,"column":8},"end":{"line":74,"column":27}},"22":{"start":{"line":77,"column":39},"end":{"line":80,"column":6}},"23":{"start":{"line":78,"column":6},"end":{"line":78,"column":24}},"24":{"start":{"line":79,"column":6},"end":{"line":79,"column":52}},"25":{"start":{"line":79,"column":32},"end":{"line":79,"column":52}},"26":{"start":{"line":83,"column":42},"end":{"line":98,"column":6}},"27":{"start":{"line":84,"column":6},"end":{"line":97,"column":9}},"28":{"start":{"line":86,"column":23},"end":{"line":86,"column":71}},"29":{"start":{"line":86,"column":43},"end":{"line":86,"column":70}},"30":{"start":{"line":87,"column":8},"end":{"line":87,"column":32}},"31":{"start":{"line":87,"column":20},"end":{"line":87,"column":32}},"32":{"start":{"line":89,"column":8},"end":{"line":89,"column":71}},"33":{"start":{"line":90,"column":8},"end":{"line":96,"column":11}},"34":{"start":{"line":100,"column":45},"end":{"line":108,"column":6}},"35":{"start":{"line":101,"column":6},"end":{"line":107,"column":9}},"36":{"start":{"line":102,"column":23},"end":{"line":102,"column":66}},"37":{"start":{"line":102,"column":43},"end":{"line":102,"column":65}},"38":{"start":{"line":103,"column":8},"end":{"line":105,"column":9}},"39":{"start":{"line":104,"column":10},"end":{"line":104,"column":54}},"40":{"start":{"line":106,"column":8},"end":{"line":106,"column":61}},"41":{"start":{"line":106,"column":37},"end":{"line":106,"column":59}},"42":{"start":{"line":111,"column":4},"end":{"line":133,"column":7}},"43":{"start":{"line":112,"column":6},"end":{"line":132,"column":7}},"44":{"start":{"line":113,"column":8},"end":{"line":113,"column":27}},"45":{"start":{"line":114,"column":8},"end":{"line":114,"column":29}},"46":{"start":{"line":116,"column":8},"end":{"line":128,"column":11}},"47":{"start":{"line":117,"column":10},"end":{"line":125,"column":11}},"48":{"start":{"line":118,"column":12},"end":{"line":124,"column":17}},"49":{"start":{"line":118,"column":55},"end":{"line":124,"column":13}},"50":{"start":{"line":129,"column":13},"end":{"line":132,"column":7}},"51":{"start":{"line":130,"column":8},"end":{"line":130,"column":27}},"52":{"start":{"line":131,"column":8},"end":{"line":131,"column":29}},"53":{"start":{"line":135,"column":4},"end":{"line":142,"column":6}},"54":{"start":{"line":136,"column":6},"end":{"line":136,"column":34}},"55":{"start":{"line":137,"column":6},"end":{"line":137,"column":34}},"56":{"start":{"line":138,"column":6},"end":{"line":138,"column":37}},"57":{"start":{"line":139,"column":6},"end":{"line":139,"column":37}},"58":{"start":{"line":140,"column":6},"end":{"line":140,"column":40}},"59":{"start":{"line":141,"column":6},"end":{"line":141,"column":43}},"60":{"start":{"line":145,"column":23},"end":{"line":168,"column":3}},"61":{"start":{"line":146,"column":4},"end":{"line":146,"column":26}},"62":{"start":{"line":147,"column":4},"end":{"line":147,"column":23}},"63":{"start":{"line":149,"column":4},"end":{"line":167,"column":5}},"64":{"start":{"line":151,"column":6},"end":{"line":155,"column":7}},"65":{"start":{"line":152,"column":8},"end":{"line":152,"column":57}},"66":{"start":{"line":154,"column":8},"end":{"line":154,"column":57}},"67":{"start":{"line":157,"column":6},"end":{"line":162,"column":7}},"68":{"start":{"line":158,"column":8},"end":{"line":158,"column":29}},"69":{"start":{"line":159,"column":8},"end":{"line":159,"column":31}},"70":{"start":{"line":161,"column":8},"end":{"line":161,"column":68}},"71":{"start":{"line":164,"column":6},"end":{"line":164,"column":25}},"72":{"start":{"line":165,"column":6},"end":{"line":165,"column":26}},"73":{"start":{"line":166,"column":6},"end":{"line":166,"column":58}},"74":{"start":{"line":170,"column":22},"end":{"line":192,"column":3}},"75":{"start":{"line":171,"column":4},"end":{"line":171,"column":26}},"76":{"start":{"line":173,"column":4},"end":{"line":191,"column":5}},"77":{"start":{"line":175,"column":6},"end":{"line":179,"column":7}},"78":{"start":{"line":176,"column":8},"end":{"line":176,"column":50}},"79":{"start":{"line":178,"column":8},"end":{"line":178,"column":50}},"80":{"start":{"line":181,"column":6},"end":{"line":187,"column":7}},"81":{"start":{"line":182,"column":8},"end":{"line":182,"column":26}},"82":{"start":{"line":183,"column":8},"end":{"line":183,"column":28}},"83":{"start":{"line":184,"column":8},"end":{"line":184,"column":31}},"84":{"start":{"line":186,"column":8},"end":{"line":186,"column":67}},"85":{"start":{"line":189,"column":6},"end":{"line":189,"column":25}},"86":{"start":{"line":190,"column":6},"end":{"line":190,"column":57}},"87":{"start":{"line":194,"column":17},"end":{"line":197,"column":3}},"88":{"start":{"line":195,"column":22},"end":{"line":195,"column":53}},"89":{"start":{"line":196,"column":4},"end":{"line":196,"column":66}},"90":{"start":{"line":196,"column":20},"end":{"line":196,"column":64}},"91":{"start":{"line":199,"column":28},"end":{"line":419,"column":3}},"92":{"start":{"line":200,"column":4},"end":{"line":418,"column":5}},"93":{"start":{"line":202,"column":8},"end":{"line":383,"column":10}},"94":{"start":{"line":264,"column":26},"end":{"line":279,"column":27}},"95":{"start":{"line":265,"column":28},"end":{"line":278,"column":31}},"96":{"start":{"line":266,"column":30},"end":{"line":275,"column":31}},"97":{"start":{"line":267,"column":32},"end":{"line":273,"column":37}},"98":{"start":{"line":267,"column":75},"end":{"line":273,"column":33}},"99":{"start":{"line":274,"column":32},"end":{"line":274,"column":64}},"100":{"start":{"line":277,"column":30},"end":{"line":277,"column":70}},"101":{"start":{"line":299,"column":24},"end":{"line":299,"column":66}},"102":{"start":{"line":313,"column":35},"end":{"line":313,"column":46}},"103":{"start":{"line":346,"column":24},"end":{"line":375,"column":30}},"104":{"start":{"line":386,"column":8},"end":{"line":393,"column":10}},"105":{"start":{"line":396,"column":8},"end":{"line":414,"column":10}},"106":{"start":{"line":408,"column":20},"end":{"line":408,"column":56}},"107":{"start":{"line":417,"column":8},"end":{"line":417,"column":20}},"108":{"start":{"line":421,"column":2},"end":{"line":522,"column":4}},"109":{"start":{"line":431,"column":53},"end":{"line":431,"column":74}},"110":{"start":{"line":441,"column":67},"end":{"line":441,"column":87}},"111":{"start":{"line":448,"column":49},"end":{"line":448,"column":71}},"112":{"start":{"line":460,"column":35},"end":{"line":460,"column":52}},"113":{"start":{"line":468,"column":35},"end":{"line":468,"column":52}},"114":{"start":{"line":489,"column":37},"end":{"line":489,"column":89}},"115":{"start":{"line":497,"column":39},"end":{"line":497,"column":90}},"116":{"start":{"line":507,"column":41},"end":{"line":507,"column":90}},"117":{"start":{"line":518,"column":33},"end":{"line":518,"column":55}}},"fnMap":{"0":{"name":"App","decl":{"start":{"line":39,"column":24},"end":{"line":39,"column":27}},"loc":{"start":{"line":39,"column":30},"end":{"line":523,"column":1}},"line":39},"1":{"name":"(anonymous_1)","decl":{"start":{"line":60,"column":29},"end":{"line":60,"column":30}},"loc":{"start":{"line":60,"column":45},"end":{"line":62,"column":3}},"line":60},"2":{"name":"(anonymous_2)","decl":{"start":{"line":61,"column":14},"end":{"line":61,"column":15}},"loc":{"start":{"line":61,"column":23},"end":{"line":61,"column":48}},"line":61},"3":{"name":"(anonymous_3)","decl":{"start":{"line":65,"column":12},"end":{"line":65,"column":13}},"loc":{"start":{"line":65,"column":18},"end":{"line":143,"column":3}},"line":65},"4":{"name":"(anonymous_4)","decl":{"start":{"line":68,"column":68},"end":{"line":68,"column":69}},"loc":{"start":{"line":68,"column":80},"end":{"line":76,"column":5}},"line":68},"5":{"name":"(anonymous_5)","decl":{"start":{"line":77,"column":68},"end":{"line":77,"column":69}},"loc":{"start":{"line":77,"column":80},"end":{"line":80,"column":5}},"line":77},"6":{"name":"(anonymous_6)","decl":{"start":{"line":83,"column":74},"end":{"line":83,"column":75}},"loc":{"start":{"line":83,"column":90},"end":{"line":98,"column":5}},"line":83},"7":{"name":"(anonymous_7)","decl":{"start":{"line":84,"column":26},"end":{"line":84,"column":27}},"loc":{"start":{"line":84,"column":34},"end":{"line":97,"column":7}},"line":84},"8":{"name":"(anonymous_8)","decl":{"start":{"line":86,"column":33},"end":{"line":86,"column":34}},"loc":{"start":{"line":86,"column":43},"end":{"line":86,"column":70}},"line":86},"9":{"name":"(anonymous_9)","decl":{"start":{"line":100,"column":80},"end":{"line":100,"column":81}},"loc":{"start":{"line":100,"column":94},"end":{"line":108,"column":5}},"line":100},"10":{"name":"(anonymous_10)","decl":{"start":{"line":101,"column":26},"end":{"line":101,"column":27}},"loc":{"start":{"line":101,"column":34},"end":{"line":107,"column":7}},"line":101},"11":{"name":"(anonymous_11)","decl":{"start":{"line":102,"column":33},"end":{"line":102,"column":34}},"loc":{"start":{"line":102,"column":43},"end":{"line":102,"column":65}},"line":102},"12":{"name":"(anonymous_12)","decl":{"start":{"line":106,"column":27},"end":{"line":106,"column":28}},"loc":{"start":{"line":106,"column":37},"end":{"line":106,"column":59}},"line":106},"13":{"name":"(anonymous_13)","decl":{"start":{"line":111,"column":42},"end":{"line":111,"column":43}},"loc":{"start":{"line":111,"column":52},"end":{"line":133,"column":5}},"line":111},"14":{"name":"(anonymous_14)","decl":{"start":{"line":116,"column":49},"end":{"line":116,"column":50}},"loc":{"start":{"line":116,"column":60},"end":{"line":126,"column":9}},"line":116},"15":{"name":"(anonymous_15)","decl":{"start":{"line":118,"column":44},"end":{"line":118,"column":45}},"loc":{"start":{"line":118,"column":55},"end":{"line":124,"column":13}},"line":118},"16":{"name":"(anonymous_16)","decl":{"start":{"line":126,"column":17},"end":{"line":126,"column":18}},"loc":{"start":{"line":126,"column":23},"end":{"line":128,"column":9}},"line":126},"17":{"name":"(anonymous_17)","decl":{"start":{"line":135,"column":11},"end":{"line":135,"column":12}},"loc":{"start":{"line":135,"column":17},"end":{"line":142,"column":5}},"line":135},"18":{"name":"(anonymous_18)","decl":{"start":{"line":145,"column":23},"end":{"line":145,"column":24}},"loc":{"start":{"line":145,"column":35},"end":{"line":168,"column":3}},"line":145},"19":{"name":"(anonymous_19)","decl":{"start":{"line":170,"column":22},"end":{"line":170,"column":23}},"loc":{"start":{"line":170,"column":34},"end":{"line":192,"column":3}},"line":170},"20":{"name":"(anonymous_20)","decl":{"start":{"line":194,"column":17},"end":{"line":194,"column":18}},"loc":{"start":{"line":194,"column":30},"end":{"line":197,"column":3}},"line":194},"21":{"name":"(anonymous_21)","decl":{"start":{"line":196,"column":12},"end":{"line":196,"column":13}},"loc":{"start":{"line":196,"column":20},"end":{"line":196,"column":64}},"line":196},"22":{"name":"(anonymous_22)","decl":{"start":{"line":199,"column":28},"end":{"line":199,"column":29}},"loc":{"start":{"line":199,"column":34},"end":{"line":419,"column":3}},"line":199},"23":{"name":"(anonymous_23)","decl":{"start":{"line":262,"column":33},"end":{"line":262,"column":34}},"loc":{"start":{"line":262,"column":39},"end":{"line":280,"column":25}},"line":262},"24":{"name":"(anonymous_24)","decl":{"start":{"line":265,"column":69},"end":{"line":265,"column":70}},"loc":{"start":{"line":265,"column":80},"end":{"line":276,"column":29}},"line":265},"25":{"name":"(anonymous_25)","decl":{"start":{"line":267,"column":64},"end":{"line":267,"column":65}},"loc":{"start":{"line":267,"column":75},"end":{"line":273,"column":33}},"line":267},"26":{"name":"(anonymous_26)","decl":{"start":{"line":276,"column":37},"end":{"line":276,"column":38}},"loc":{"start":{"line":276,"column":43},"end":{"line":278,"column":29}},"line":276},"27":{"name":"(anonymous_27)","decl":{"start":{"line":298,"column":44},"end":{"line":298,"column":45}},"loc":{"start":{"line":299,"column":24},"end":{"line":299,"column":66}},"line":299},"28":{"name":"(anonymous_28)","decl":{"start":{"line":313,"column":29},"end":{"line":313,"column":30}},"loc":{"start":{"line":313,"column":35},"end":{"line":313,"column":46}},"line":313},"29":{"name":"(anonymous_29)","decl":{"start":{"line":345,"column":32},"end":{"line":345,"column":33}},"loc":{"start":{"line":346,"column":24},"end":{"line":375,"column":30}},"line":346},"30":{"name":"(anonymous_30)","decl":{"start":{"line":407,"column":35},"end":{"line":407,"column":36}},"loc":{"start":{"line":408,"column":20},"end":{"line":408,"column":56}},"line":408},"31":{"name":"(anonymous_31)","decl":{"start":{"line":431,"column":47},"end":{"line":431,"column":48}},"loc":{"start":{"line":431,"column":53},"end":{"line":431,"column":74}},"line":431},"32":{"name":"(anonymous_32)","decl":{"start":{"line":441,"column":53},"end":{"line":441,"column":54}},"loc":{"start":{"line":441,"column":67},"end":{"line":441,"column":87}},"line":441},"33":{"name":"(anonymous_33)","decl":{"start":{"line":448,"column":43},"end":{"line":448,"column":44}},"loc":{"start":{"line":448,"column":49},"end":{"line":448,"column":71}},"line":448},"34":{"name":"(anonymous_34)","decl":{"start":{"line":460,"column":29},"end":{"line":460,"column":30}},"loc":{"start":{"line":460,"column":35},"end":{"line":460,"column":52}},"line":460},"35":{"name":"(anonymous_35)","decl":{"start":{"line":468,"column":29},"end":{"line":468,"column":30}},"loc":{"start":{"line":468,"column":35},"end":{"line":468,"column":52}},"line":468},"36":{"name":"(anonymous_36)","decl":{"start":{"line":489,"column":30},"end":{"line":489,"column":31}},"loc":{"start":{"line":489,"column":37},"end":{"line":489,"column":89}},"line":489},"37":{"name":"(anonymous_37)","decl":{"start":{"line":497,"column":32},"end":{"line":497,"column":33}},"loc":{"start":{"line":497,"column":39},"end":{"line":497,"column":90}},"line":497},"38":{"name":"(anonymous_38)","decl":{"start":{"line":507,"column":34},"end":{"line":507,"column":35}},"loc":{"start":{"line":507,"column":41},"end":{"line":507,"column":90}},"line":507},"39":{"name":"(anonymous_39)","decl":{"start":{"line":518,"column":27},"end":{"line":518,"column":28}},"loc":{"start":{"line":518,"column":33},"end":{"line":518,"column":55}},"line":518}},"branchMap":{"0":{"loc":{"start":{"line":70,"column":6},"end":{"line":75,"column":7}},"type":"if","locations":[{"start":{"line":70,"column":6},"end":{"line":75,"column":7}},{"start":{"line":73,"column":13},"end":{"line":75,"column":7}}],"line":70},"1":{"loc":{"start":{"line":73,"column":13},"end":{"line":75,"column":7}},"type":"if","locations":[{"start":{"line":73,"column":13},"end":{"line":75,"column":7}},{"start":{},"end":{}}],"line":73},"2":{"loc":{"start":{"line":79,"column":6},"end":{"line":79,"column":52}},"type":"if","locations":[{"start":{"line":79,"column":6},"end":{"line":79,"column":52}},{"start":{},"end":{}}],"line":79},"3":{"loc":{"start":{"line":87,"column":8},"end":{"line":87,"column":32}},"type":"if","locations":[{"start":{"line":87,"column":8},"end":{"line":87,"column":32}},{"start":{},"end":{}}],"line":87},"4":{"loc":{"start":{"line":89,"column":36},"end":{"line":89,"column":67}},"type":"binary-expr","locations":[{"start":{"line":89,"column":36},"end":{"line":89,"column":54}},{"start":{"line":89,"column":58},"end":{"line":89,"column":67}}],"line":89},"5":{"loc":{"start":{"line":92,"column":16},"end":{"line":92,"column":72}},"type":"binary-expr","locations":[{"start":{"line":92,"column":16},"end":{"line":92,"column":31}},{"start":{"line":92,"column":35},"end":{"line":92,"column":72}}],"line":92},"6":{"loc":{"start":{"line":93,"column":14},"end":{"line":93,"column":45}},"type":"binary-expr","locations":[{"start":{"line":93,"column":14},"end":{"line":93,"column":32}},{"start":{"line":93,"column":36},"end":{"line":93,"column":45}}],"line":93},"7":{"loc":{"start":{"line":103,"column":8},"end":{"line":105,"column":9}},"type":"if","locations":[{"start":{"line":103,"column":8},"end":{"line":105,"column":9}},{"start":{},"end":{}}],"line":103},"8":{"loc":{"start":{"line":112,"column":6},"end":{"line":132,"column":7}},"type":"if","locations":[{"start":{"line":112,"column":6},"end":{"line":132,"column":7}},{"start":{"line":129,"column":13},"end":{"line":132,"column":7}}],"line":112},"9":{"loc":{"start":{"line":112,"column":10},"end":{"line":112,"column":58}},"type":"binary-expr","locations":[{"start":{"line":112,"column":10},"end":{"line":112,"column":27}},{"start":{"line":112,"column":31},"end":{"line":112,"column":58}}],"line":112},"10":{"loc":{"start":{"line":117,"column":10},"end":{"line":125,"column":11}},"type":"if","locations":[{"start":{"line":117,"column":10},"end":{"line":125,"column":11}},{"start":{},"end":{}}],"line":117},"11":{"loc":{"start":{"line":117,"column":14},"end":{"line":117,"column":43}},"type":"binary-expr","locations":[{"start":{"line":117,"column":14},"end":{"line":117,"column":21}},{"start":{"line":117,"column":25},"end":{"line":117,"column":43}}],"line":117},"12":{"loc":{"start":{"line":120,"column":20},"end":{"line":120,"column":68}},"type":"binary-expr","locations":[{"start":{"line":120,"column":20},"end":{"line":120,"column":31}},{"start":{"line":120,"column":35},"end":{"line":120,"column":68}}],"line":120},"13":{"loc":{"start":{"line":121,"column":18},"end":{"line":121,"column":45}},"type":"binary-expr","locations":[{"start":{"line":121,"column":18},"end":{"line":121,"column":32}},{"start":{"line":121,"column":36},"end":{"line":121,"column":45}}],"line":121},"14":{"loc":{"start":{"line":123,"column":27},"end":{"line":123,"column":58}},"type":"binary-expr","locations":[{"start":{"line":123,"column":27},"end":{"line":123,"column":45}},{"start":{"line":123,"column":49},"end":{"line":123,"column":58}}],"line":123},"15":{"loc":{"start":{"line":129,"column":13},"end":{"line":132,"column":7}},"type":"if","locations":[{"start":{"line":129,"column":13},"end":{"line":132,"column":7}},{"start":{},"end":{}}],"line":129},"16":{"loc":{"start":{"line":129,"column":17},"end":{"line":129,"column":65}},"type":"binary-expr","locations":[{"start":{"line":129,"column":17},"end":{"line":129,"column":34}},{"start":{"line":129,"column":38},"end":{"line":129,"column":65}}],"line":129},"17":{"loc":{"start":{"line":151,"column":6},"end":{"line":155,"column":7}},"type":"if","locations":[{"start":{"line":151,"column":6},"end":{"line":155,"column":7}},{"start":{"line":153,"column":13},"end":{"line":155,"column":7}}],"line":151},"18":{"loc":{"start":{"line":157,"column":6},"end":{"line":162,"column":7}},"type":"if","locations":[{"start":{"line":157,"column":6},"end":{"line":162,"column":7}},{"start":{"line":160,"column":13},"end":{"line":162,"column":7}}],"line":157},"19":{"loc":{"start":{"line":161,"column":24},"end":{"line":161,"column":66}},"type":"binary-expr","locations":[{"start":{"line":161,"column":24},"end":{"line":161,"column":37}},{"start":{"line":161,"column":41},"end":{"line":161,"column":66}}],"line":161},"20":{"loc":{"start":{"line":175,"column":6},"end":{"line":179,"column":7}},"type":"if","locations":[{"start":{"line":175,"column":6},"end":{"line":179,"column":7}},{"start":{"line":177,"column":13},"end":{"line":179,"column":7}}],"line":175},"21":{"loc":{"start":{"line":181,"column":6},"end":{"line":187,"column":7}},"type":"if","locations":[{"start":{"line":181,"column":6},"end":{"line":187,"column":7}},{"start":{"line":185,"column":13},"end":{"line":187,"column":7}}],"line":181},"22":{"loc":{"start":{"line":186,"column":24},"end":{"line":186,"column":65}},"type":"binary-expr","locations":[{"start":{"line":186,"column":24},"end":{"line":186,"column":37}},{"start":{"line":186,"column":41},"end":{"line":186,"column":65}}],"line":186},"23":{"loc":{"start":{"line":200,"column":4},"end":{"line":418,"column":5}},"type":"switch","locations":[{"start":{"line":201,"column":6},"end":{"line":383,"column":10}},{"start":{"line":385,"column":6},"end":{"line":393,"column":10}},{"start":{"line":395,"column":6},"end":{"line":414,"column":10}},{"start":{"line":416,"column":6},"end":{"line":417,"column":20}}],"line":200},"24":{"loc":{"start":{"line":208,"column":21},"end":{"line":208,"column":80}},"type":"cond-expr","locations":[{"start":{"line":208,"column":41},"end":{"line":208,"column":59}},{"start":{"line":208,"column":62},"end":{"line":208,"column":80}}],"line":208},"25":{"loc":{"start":{"line":213,"column":29},"end":{"line":213,"column":104}},"type":"cond-expr","locations":[{"start":{"line":213,"column":52},"end":{"line":213,"column":61}},{"start":{"line":213,"column":64},"end":{"line":213,"column":104}}],"line":213},"26":{"loc":{"start":{"line":213,"column":64},"end":{"line":213,"column":104}},"type":"cond-expr","locations":[{"start":{"line":213,"column":85},"end":{"line":213,"column":92}},{"start":{"line":213,"column":95},"end":{"line":213,"column":104}}],"line":213},"27":{"loc":{"start":{"line":216,"column":21},"end":{"line":226,"column":21}},"type":"cond-expr","locations":[{"start":{"line":217,"column":22},"end":{"line":217,"column":52}},{"start":{"line":219,"column":22},"end":{"line":225,"column":35}}],"line":216},"28":{"loc":{"start":{"line":216,"column":21},"end":{"line":216,"column":67}},"type":"binary-expr","locations":[{"start":{"line":216,"column":21},"end":{"line":216,"column":42}},{"start":{"line":216,"column":46},"end":{"line":216,"column":67}}],"line":216},"29":{"loc":{"start":{"line":220,"column":31},"end":{"line":220,"column":62}},"type":"cond-expr","locations":[{"start":{"line":220,"column":43},"end":{"line":220,"column":50}},{"start":{"line":220,"column":53},"end":{"line":220,"column":62}}],"line":220},"30":{"loc":{"start":{"line":221,"column":33},"end":{"line":221,"column":71}},"type":"cond-expr","locations":[{"start":{"line":221,"column":45},"end":{"line":221,"column":56}},{"start":{"line":221,"column":59},"end":{"line":221,"column":71}}],"line":221},"31":{"loc":{"start":{"line":222,"column":34},"end":{"line":222,"column":80}},"type":"binary-expr","locations":[{"start":{"line":222,"column":34},"end":{"line":222,"column":55}},{"start":{"line":222,"column":59},"end":{"line":222,"column":80}}],"line":222},"32":{"loc":{"start":{"line":224,"column":25},"end":{"line":224,"column":69}},"type":"cond-expr","locations":[{"start":{"line":224,"column":37},"end":{"line":224,"column":49}},{"start":{"line":224,"column":52},"end":{"line":224,"column":69}}],"line":224},"33":{"loc":{"start":{"line":230,"column":17},"end":{"line":245,"column":17}},"type":"cond-expr","locations":[{"start":{"line":231,"column":18},"end":{"line":238,"column":24}},{"start":{"line":240,"column":18},"end":{"line":244,"column":24}}],"line":230},"34":{"loc":{"start":{"line":249,"column":13},"end":{"line":305,"column":13}},"type":"binary-expr","locations":[{"start":{"line":249,"column":13},"end":{"line":249,"column":30}},{"start":{"line":250,"column":14},"end":{"line":304,"column":21}}],"line":249},"35":{"loc":{"start":{"line":256,"column":67},"end":{"line":256,"column":107}},"type":"cond-expr","locations":[{"start":{"line":256,"column":99},"end":{"line":256,"column":102}},{"start":{"line":256,"column":105},"end":{"line":256,"column":107}}],"line":256},"36":{"loc":{"start":{"line":258,"column":31},"end":{"line":258,"column":82}},"type":"cond-expr","locations":[{"start":{"line":258,"column":61},"end":{"line":258,"column":70}},{"start":{"line":258,"column":73},"end":{"line":258,"column":82}}],"line":258},"37":{"loc":{"start":{"line":264,"column":26},"end":{"line":279,"column":27}},"type":"if","locations":[{"start":{"line":264,"column":26},"end":{"line":279,"column":27}},{"start":{},"end":{}}],"line":264},"38":{"loc":{"start":{"line":264,"column":30},"end":{"line":264,"column":60}},"type":"binary-expr","locations":[{"start":{"line":264,"column":30},"end":{"line":264,"column":39}},{"start":{"line":264,"column":43},"end":{"line":264,"column":60}}],"line":264},"39":{"loc":{"start":{"line":266,"column":30},"end":{"line":275,"column":31}},"type":"if","locations":[{"start":{"line":266,"column":30},"end":{"line":275,"column":31}},{"start":{},"end":{}}],"line":266},"40":{"loc":{"start":{"line":269,"column":40},"end":{"line":269,"column":88}},"type":"binary-expr","locations":[{"start":{"line":269,"column":40},"end":{"line":269,"column":51}},{"start":{"line":269,"column":55},"end":{"line":269,"column":88}}],"line":269},"41":{"loc":{"start":{"line":270,"column":38},"end":{"line":270,"column":65}},"type":"binary-expr","locations":[{"start":{"line":270,"column":38},"end":{"line":270,"column":52}},{"start":{"line":270,"column":56},"end":{"line":270,"column":65}}],"line":270},"42":{"loc":{"start":{"line":272,"column":47},"end":{"line":272,"column":78}},"type":"binary-expr","locations":[{"start":{"line":272,"column":47},"end":{"line":272,"column":65}},{"start":{"line":272,"column":69},"end":{"line":272,"column":78}}],"line":272},"43":{"loc":{"start":{"line":287,"column":19},"end":{"line":302,"column":19}},"type":"cond-expr","locations":[{"start":{"line":288,"column":20},"end":{"line":295,"column":28}},{"start":{"line":297,"column":20},"end":{"line":301,"column":28}}],"line":287},"44":{"loc":{"start":{"line":293,"column":25},"end":{"line":293,"column":115}},"type":"cond-expr","locations":[{"start":{"line":293,"column":37},"end":{"line":293,"column":72}},{"start":{"line":293,"column":75},"end":{"line":293,"column":115}}],"line":293},"45":{"loc":{"start":{"line":334,"column":19},"end":{"line":378,"column":19}},"type":"cond-expr","locations":[{"start":{"line":335,"column":20},"end":{"line":342,"column":26}},{"start":{"line":344,"column":20},"end":{"line":377,"column":28}}],"line":334},"46":{"loc":{"start":{"line":458,"column":29},"end":{"line":458,"column":73}},"type":"cond-expr","locations":[{"start":{"line":458,"column":49},"end":{"line":458,"column":60}},{"start":{"line":458,"column":63},"end":{"line":458,"column":73}}],"line":458},"47":{"loc":{"start":{"line":466,"column":29},"end":{"line":466,"column":73}},"type":"cond-expr","locations":[{"start":{"line":466,"column":49},"end":{"line":466,"column":60}},{"start":{"line":466,"column":63},"end":{"line":466,"column":73}}],"line":466},"48":{"loc":{"start":{"line":475,"column":19},"end":{"line":475,"column":115}},"type":"cond-expr","locations":[{"start":{"line":475,"column":39},"end":{"line":475,"column":81}},{"start":{"line":475,"column":84},"end":{"line":475,"column":115}}],"line":475},"49":{"loc":{"start":{"line":493,"column":19},"end":{"line":502,"column":19}},"type":"binary-expr","locations":[{"start":{"line":493,"column":19},"end":{"line":493,"column":36}},{"start":{"line":494,"column":20},"end":{"line":501,"column":22}}],"line":493}},"s":{"0":58,"1":57,"2":57,"3":57,"4":57,"5":57,"6":57,"7":57,"8":57,"9":57,"10":0,"11":0,"12":57,"13":27,"14":27,"15":27,"16":4,"17":4,"18":1,"19":1,"20":3,"21":3,"22":27,"23":0,"24":0,"25":0,"26":27,"27":21,"28":21,"29":12,"30":21,"31":1,"32":20,"33":20,"34":27,"35":5,"36":5,"37":8,"38":5,"39":5,"40":5,"41":12,"42":27,"43":27,"44":1,"45":1,"46":1,"47":1,"48":1,"49":1,"50":26,"51":0,"52":0,"53":27,"54":27,"55":27,"56":27,"57":27,"58":27,"59":27,"60":57,"61":0,"62":0,"63":0,"64":0,"65":0,"66":0,"67":0,"68":0,"69":0,"70":0,"71":0,"72":0,"73":0,"74":57,"75":0,"76":0,"77":0,"78":0,"79":0,"80":0,"81":0,"82":0,"83":0,"84":0,"85":0,"86":0,"87":57,"88":27,"89":27,"90":25,"91":57,"92":57,"93":56,"94":3,"95":2,"96":1,"97":1,"98":1,"99":1,"100":1,"101":34,"102":0,"103":44,"104":0,"105":1,"106":2,"107":0,"108":57,"109":2,"110":1,"111":0,"112":0,"113":2,"114":0,"115":0,"116":0,"117":2},"f":{"0":58,"1":0,"2":0,"3":27,"4":4,"5":0,"6":21,"7":21,"8":12,"9":5,"10":5,"11":8,"12":12,"13":27,"14":1,"15":1,"16":0,"17":27,"18":0,"19":0,"20":27,"21":25,"22":57,"23":3,"24":1,"25":1,"26":1,"27":34,"28":0,"29":44,"30":2,"31":2,"32":1,"33":0,"34":0,"35":2,"36":0,"37":0,"38":0,"39":2},"b":{"0":[1,3],"1":[3,0],"2":[0,0],"3":[1,20],"4":[20,1],"5":[20,1],"6":[20,1],"7":[5,0],"8":[1,26],"9":[27,25],"10":[1,0],"11":[1,1],"12":[1,0],"13":[1,0],"14":[1,0],"15":[0,26],"16":[26,2],"17":[0,0],"18":[0,0],"19":[0,0],"20":[0,0],"21":[0,0],"22":[0,0],"23":[56,0,1,0],"24":[52,4],"25":[4,52],"26":[0,52],"27":[0,56],"28":[56,56],"29":[4,52],"30":[4,52],"31":[56,56],"32":[4,52],"33":[52,4],"34":[56,52],"35":[38,14],"36":[20,32],"37":[2,1],"38":[3,2],"39":[1,0],"40":[1,0],"41":[1,0],"42":[1,0],"43":[32,20],"44":[3,29],"45":[32,24],"46":[53,4],"47":[4,53],"48":[53,4],"49":[57,4]},"_coverageSchema":"1a1c01bbd47fc00a2c39e90264f33305004495a9","hash":"941646e15dff6428a8e12a52b4d8a20b884d5fe4"}
,"/Users/fenglin/PycharmProjects/clip-bridge/src/renderer/index.jsx": {"path":"/Users/fenglin/PycharmProjects/clip-bridge/src/renderer/index.jsx","statementMap":{"0":{"start":{"line":6,"column":13},"end":{"line":6,"column":65}},"1":{"start":{"line":7,"column":0},"end":{"line":7,"column":21}}},"fnMap":{},"branchMap":{},"s":{"0":0,"1":0},"f":{},"b":{}}
,"/Users/fenglin/PycharmProjects/clip-bridge/src/renderer/components/DeviceCard.jsx": {"path":"/Users/fenglin/PycharmProjects/clip-bridge/src/renderer/components/DeviceCard.jsx","statementMap":{"0":{"start":{"line":9,"column":25},"end":{"line":16,"column":3}},"1":{"start":{"line":10,"column":4},"end":{"line":15,"column":5}},"2":{"start":{"line":11,"column":24},"end":{"line":11,"column":41}},"3":{"start":{"line":12,"column":27},"end":{"line":12,"column":42}},"4":{"start":{"line":13,"column":25},"end":{"line":13,"column":42}},"5":{"start":{"line":14,"column":15},"end":{"line":14,"column":32}},"6":{"start":{"line":18,"column":2},"end":{"line":40,"column":4}},"7":{"start":{"line":43,"column":0},"end":{"line":47,"column":2}}},"fnMap":{"0":{"name":"DeviceCard","decl":{"start":{"line":8,"column":24},"end":{"line":8,"column":34}},"loc":{"start":{"line":8,"column":69},"end":{"line":41,"column":1}},"line":8},"1":{"name":"(anonymous_1)","decl":{"start":{"line":9,"column":25},"end":{"line":9,"column":26}},"loc":{"start":{"line":9,"column":37},"end":{"line":16,"column":3}},"line":9}},"branchMap":{"0":{"loc":{"start":{"line":8,"column":47},"end":{"line":8,"column":65}},"type":"default-arg","locations":[{"start":{"line":8,"column":56},"end":{"line":8,"column":65}}],"line":8},"1":{"loc":{"start":{"line":10,"column":4},"end":{"line":15,"column":5}},"type":"switch","locations":[{"start":{"line":11,"column":6},"end":{"line":11,"column":41}},{"start":{"line":12,"column":6},"end":{"line":12,"column":42}},{"start":{"line":13,"column":6},"end":{"line":13,"column":42}},{"start":{"line":14,"column":6},"end":{"line":14,"column":32}}],"line":10}},"s":{"0":15,"1":15,"2":8,"3":2,"4":2,"5":3,"6":15,"7":1},"f":{"0":15,"1":15},"b":{"0":[1],"1":[8,2,2,3]},"_coverageSchema":"1a1c01bbd47fc00a2c39e90264f33305004495a9","hash":"756db7948d9c0848792b7d1414b521e07fa30f12"}
}
