{"/Users/fenglin/PycharmProjects/clip-bridge/src/index.js": {"path":"/Users/fenglin/PycharmProjects/clip-bridge/src/index.js","statementMap":{},"fnMap":{},"branchMap":{},"s":{},"f":{},"b":{}}
,"/Users/fenglin/PycharmProjects/clip-bridge/src/main.js": {"path":"/Users/fenglin/PycharmProjects/clip-bridge/src/main.js","statementMap":{"0":{"start":{"line":1,"column":51},"end":{"line":1,"column":70}},"1":{"start":{"line":2,"column":13},"end":{"line":2,"column":28}},"2":{"start":{"line":3,"column":18},"end":{"line":3,"column":42}},"3":{"start":{"line":5,"column":14},"end":{"line":5,"column":52}},"4":{"start":{"line":7,"column":20},"end":{"line":7,"column":24}},"5":{"start":{"line":8,"column":20},"end":{"line":8,"column":24}},"6":{"start":{"line":11,"column":14},"end":{"line":25,"column":4}},"7":{"start":{"line":28,"column":2},"end":{"line":28,"column":34}},"8":{"start":{"line":31,"column":2},"end":{"line":33,"column":5}},"9":{"start":{"line":32,"column":4},"end":{"line":32,"column":15}},"10":{"start":{"line":36,"column":2},"end":{"line":46,"column":5}},"11":{"start":{"line":37,"column":4},"end":{"line":45,"column":7}},"12":{"start":{"line":48,"column":2},"end":{"line":62,"column":3}},"13":{"start":{"line":49,"column":22},"end":{"line":49,"column":48}},"14":{"start":{"line":50,"column":21},"end":{"line":50,"column":52}},"15":{"start":{"line":52,"column":4},"end":{"line":56,"column":7}},"16":{"start":{"line":53,"column":6},"end":{"line":53,"column":74}},"17":{"start":{"line":55,"column":6},"end":{"line":55,"column":65}},"18":{"start":{"line":59,"column":4},"end":{"line":59,"column":35}},"19":{"start":{"line":61,"column":4},"end":{"line":61,"column":62}},"20":{"start":{"line":65,"column":2},"end":{"line":67,"column":5}},"21":{"start":{"line":66,"column":4},"end":{"line":66,"column":80}},"22":{"start":{"line":70,"column":0},"end":{"line":76,"column":3}},"23":{"start":{"line":71,"column":2},"end":{"line":71,"column":17}},"24":{"start":{"line":73,"column":2},"end":{"line":75,"column":5}},"25":{"start":{"line":74,"column":4},"end":{"line":74,"column":67}},"26":{"start":{"line":74,"column":52},"end":{"line":74,"column":67}},"27":{"start":{"line":78,"column":0},"end":{"line":80,"column":3}},"28":{"start":{"line":79,"column":2},"end":{"line":79,"column":48}},"29":{"start":{"line":79,"column":37},"end":{"line":79,"column":48}},"30":{"start":{"line":82,"column":0},"end":{"line":84,"column":3}},"31":{"start":{"line":83,"column":2},"end":{"line":83,"column":30}},"32":{"start":{"line":86,"column":0},"end":{"line":88,"column":3}},"33":{"start":{"line":87,"column":2},"end":{"line":87,"column":28}},"34":{"start":{"line":91,"column":0},"end":{"line":236,"column":3}},"35":{"start":{"line":92,"column":2},"end":{"line":235,"column":3}},"36":{"start":{"line":93,"column":4},"end":{"line":95,"column":5}},"37":{"start":{"line":94,"column":6},"end":{"line":94,"column":51}},"38":{"start":{"line":98,"column":23},"end":{"line":98,"column":32}},"39":{"start":{"line":100,"column":23},"end":{"line":100,"column":65}},"40":{"start":{"line":102,"column":4},"end":{"line":112,"column":7}},"41":{"start":{"line":114,"column":4},"end":{"line":232,"column":7}},"42":{"start":{"line":115,"column":22},"end":{"line":121,"column":15}},"43":{"start":{"line":116,"column":8},"end":{"line":119,"column":9}},"44":{"start":{"line":117,"column":10},"end":{"line":117,"column":31}},"45":{"start":{"line":118,"column":10},"end":{"line":118,"column":31}},"46":{"start":{"line":120,"column":8},"end":{"line":120,"column":52}},"47":{"start":{"line":123,"column":24},"end":{"line":123,"column":29}},"48":{"start":{"line":124,"column":22},"end":{"line":124,"column":24}},"49":{"start":{"line":126,"column":22},"end":{"line":126,"column":24}},"50":{"start":{"line":128,"column":6},"end":{"line":147,"column":9}},"51":{"start":{"line":129,"column":8},"end":{"line":129,"column":37}},"52":{"start":{"line":132,"column":22},"end":{"line":132,"column":43}},"53":{"start":{"line":133,"column":8},"end":{"line":133,"column":32}},"54":{"start":{"line":135,"column":8},"end":{"line":146,"column":11}},"55":{"start":{"line":136,"column":10},"end":{"line":145,"column":11}},"56":{"start":{"line":137,"column":12},"end":{"line":137,"column":48}},"57":{"start":{"line":138,"column":12},"end":{"line":138,"column":57}},"58":{"start":{"line":139,"column":12},"end":{"line":144,"column":13}},"59":{"start":{"line":140,"column":14},"end":{"line":140,"column":33}},"60":{"start":{"line":141,"column":14},"end":{"line":141,"column":36}},"61":{"start":{"line":142,"column":14},"end":{"line":142,"column":60}},"62":{"start":{"line":143,"column":14},"end":{"line":143,"column":81}},"63":{"start":{"line":149,"column":24},"end":{"line":149,"column":26}},"64":{"start":{"line":151,"column":6},"end":{"line":184,"column":9}},"65":{"start":{"line":152,"column":8},"end":{"line":152,"column":39}},"66":{"start":{"line":155,"column":22},"end":{"line":155,"column":45}},"67":{"start":{"line":156,"column":8},"end":{"line":156,"column":34}},"68":{"start":{"line":158,"column":8},"end":{"line":183,"column":11}},"69":{"start":{"line":159,"column":10},"end":{"line":182,"column":11}},"70":{"start":{"line":160,"column":12},"end":{"line":160,"column":50}},"71":{"start":{"line":161,"column":12},"end":{"line":161,"column":48}},"72":{"start":{"line":164,"column":12},"end":{"line":174,"column":13}},"73":{"start":{"line":170,"column":14},"end":{"line":170,"column":66}},"74":{"start":{"line":173,"column":14},"end":{"line":173,"column":59}},"75":{"start":{"line":176,"column":12},"end":{"line":181,"column":13}},"76":{"start":{"line":177,"column":14},"end":{"line":177,"column":33}},"77":{"start":{"line":178,"column":14},"end":{"line":178,"column":36}},"78":{"start":{"line":179,"column":14},"end":{"line":179,"column":35}},"79":{"start":{"line":180,"column":14},"end":{"line":180,"column":68}},"80":{"start":{"line":186,"column":6},"end":{"line":196,"column":9}},"81":{"start":{"line":187,"column":8},"end":{"line":187,"column":62}},"82":{"start":{"line":188,"column":8},"end":{"line":188,"column":50}},"83":{"start":{"line":189,"column":8},"end":{"line":189,"column":29}},"84":{"start":{"line":190,"column":8},"end":{"line":190,"column":54}},"85":{"start":{"line":191,"column":8},"end":{"line":195,"column":9}},"86":{"start":{"line":192,"column":10},"end":{"line":192,"column":29}},"87":{"start":{"line":193,"column":10},"end":{"line":193,"column":32}},"88":{"start":{"line":194,"column":10},"end":{"line":194,"column":85}},"89":{"start":{"line":198,"column":6},"end":{"line":206,"column":9}},"90":{"start":{"line":199,"column":8},"end":{"line":199,"column":52}},"91":{"start":{"line":200,"column":8},"end":{"line":205,"column":9}},"92":{"start":{"line":201,"column":10},"end":{"line":201,"column":29}},"93":{"start":{"line":202,"column":10},"end":{"line":202,"column":32}},"94":{"start":{"line":203,"column":10},"end":{"line":203,"column":31}},"95":{"start":{"line":204,"column":10},"end":{"line":204,"column":72}},"96":{"start":{"line":209,"column":6},"end":{"line":231,"column":15}},"97":{"start":{"line":210,"column":8},"end":{"line":230,"column":9}},"98":{"start":{"line":211,"column":10},"end":{"line":211,"column":64}},"99":{"start":{"line":214,"column":23},"end":{"line":214,"column":38}},"100":{"start":{"line":215,"column":22},"end":{"line":222,"column":12}},"101":{"start":{"line":216,"column":12},"end":{"line":221,"column":13}},"102":{"start":{"line":217,"column":14},"end":{"line":217,"column":33}},"103":{"start":{"line":218,"column":14},"end":{"line":218,"column":36}},"104":{"start":{"line":219,"column":14},"end":{"line":219,"column":60}},"105":{"start":{"line":220,"column":14},"end":{"line":220,"column":106}},"106":{"start":{"line":224,"column":10},"end":{"line":227,"column":13}},"107":{"start":{"line":226,"column":12},"end":{"line":226,"column":78}},"108":{"start":{"line":229,"column":10},"end":{"line":229,"column":31}},"109":{"start":{"line":234,"column":4},"end":{"line":234,"column":52}},"110":{"start":{"line":238,"column":0},"end":{"line":262,"column":3}},"111":{"start":{"line":239,"column":2},"end":{"line":261,"column":3}},"112":{"start":{"line":240,"column":4},"end":{"line":242,"column":5}},"113":{"start":{"line":241,"column":6},"end":{"line":241,"column":47}},"114":{"start":{"line":244,"column":4},"end":{"line":244,"column":34}},"115":{"start":{"line":246,"column":4},"end":{"line":258,"column":7}},"116":{"start":{"line":247,"column":22},"end":{"line":251,"column":14}},"117":{"start":{"line":248,"column":8},"end":{"line":248,"column":38}},"118":{"start":{"line":249,"column":8},"end":{"line":249,"column":29}},"119":{"start":{"line":250,"column":8},"end":{"line":250,"column":71}},"120":{"start":{"line":253,"column":6},"end":{"line":257,"column":9}},"121":{"start":{"line":254,"column":8},"end":{"line":254,"column":30}},"122":{"start":{"line":255,"column":8},"end":{"line":255,"column":29}},"123":{"start":{"line":256,"column":8},"end":{"line":256,"column":73}},"124":{"start":{"line":260,"column":4},"end":{"line":260,"column":52}},"125":{"start":{"line":264,"column":0},"end":{"line":354,"column":3}},"126":{"start":{"line":265,"column":2},"end":{"line":353,"column":3}},"127":{"start":{"line":266,"column":4},"end":{"line":268,"column":5}},"128":{"start":{"line":267,"column":6},"end":{"line":267,"column":51}},"129":{"start":{"line":270,"column":23},"end":{"line":270,"column":32}},"130":{"start":{"line":271,"column":23},"end":{"line":271,"column":65}},"131":{"start":{"line":273,"column":4},"end":{"line":283,"column":7}},"132":{"start":{"line":285,"column":4},"end":{"line":350,"column":7}},"133":{"start":{"line":286,"column":22},"end":{"line":288,"column":15}},"134":{"start":{"line":287,"column":8},"end":{"line":287,"column":52}},"135":{"start":{"line":290,"column":28},"end":{"line":290,"column":30}},"136":{"start":{"line":291,"column":30},"end":{"line":291,"column":32}},"137":{"start":{"line":293,"column":6},"end":{"line":309,"column":9}},"138":{"start":{"line":294,"column":8},"end":{"line":294,"column":43}},"139":{"start":{"line":297,"column":22},"end":{"line":297,"column":49}},"140":{"start":{"line":298,"column":8},"end":{"line":298,"column":38}},"141":{"start":{"line":300,"column":8},"end":{"line":308,"column":11}},"142":{"start":{"line":301,"column":10},"end":{"line":307,"column":11}},"143":{"start":{"line":302,"column":12},"end":{"line":302,"column":57}},"144":{"start":{"line":303,"column":12},"end":{"line":306,"column":13}},"145":{"start":{"line":304,"column":14},"end":{"line":304,"column":36}},"146":{"start":{"line":305,"column":14},"end":{"line":305,"column":83}},"147":{"start":{"line":311,"column":6},"end":{"line":340,"column":9}},"148":{"start":{"line":312,"column":8},"end":{"line":312,"column":45}},"149":{"start":{"line":315,"column":22},"end":{"line":315,"column":51}},"150":{"start":{"line":316,"column":8},"end":{"line":316,"column":40}},"151":{"start":{"line":318,"column":8},"end":{"line":339,"column":11}},"152":{"start":{"line":319,"column":10},"end":{"line":338,"column":11}},"153":{"start":{"line":321,"column":12},"end":{"line":324,"column":13}},"154":{"start":{"line":322,"column":14},"end":{"line":322,"column":36}},"155":{"start":{"line":323,"column":14},"end":{"line":323,"column":83}},"156":{"start":{"line":327,"column":12},"end":{"line":337,"column":13}},"157":{"start":{"line":333,"column":14},"end":{"line":333,"column":66}},"158":{"start":{"line":336,"column":14},"end":{"line":336,"column":59}},"159":{"start":{"line":342,"column":6},"end":{"line":349,"column":9}},"160":{"start":{"line":343,"column":8},"end":{"line":343,"column":29}},"161":{"start":{"line":344,"column":8},"end":{"line":344,"column":54}},"162":{"start":{"line":345,"column":8},"end":{"line":348,"column":9}},"163":{"start":{"line":346,"column":10},"end":{"line":346,"column":32}},"164":{"start":{"line":347,"column":10},"end":{"line":347,"column":63}},"165":{"start":{"line":352,"column":4},"end":{"line":352,"column":52}},"166":{"start":{"line":356,"column":0},"end":{"line":380,"column":3}},"167":{"start":{"line":357,"column":2},"end":{"line":379,"column":3}},"168":{"start":{"line":358,"column":4},"end":{"line":360,"column":5}},"169":{"start":{"line":359,"column":6},"end":{"line":359,"column":47}},"170":{"start":{"line":362,"column":4},"end":{"line":362,"column":34}},"171":{"start":{"line":364,"column":4},"end":{"line":376,"column":7}},"172":{"start":{"line":365,"column":22},"end":{"line":369,"column":14}},"173":{"start":{"line":366,"column":8},"end":{"line":366,"column":38}},"174":{"start":{"line":367,"column":8},"end":{"line":367,"column":29}},"175":{"start":{"line":368,"column":8},"end":{"line":368,"column":71}},"176":{"start":{"line":371,"column":6},"end":{"line":375,"column":9}},"177":{"start":{"line":372,"column":8},"end":{"line":372,"column":30}},"178":{"start":{"line":373,"column":8},"end":{"line":373,"column":29}},"179":{"start":{"line":374,"column":8},"end":{"line":374,"column":73}},"180":{"start":{"line":378,"column":4},"end":{"line":378,"column":52}},"181":{"start":{"line":382,"column":0},"end":{"line":387,"column":3}},"182":{"start":{"line":383,"column":2},"end":{"line":386,"column":4}},"183":{"start":{"line":390,"column":0},"end":{"line":397,"column":3}},"184":{"start":{"line":391,"column":2},"end":{"line":393,"column":3}},"185":{"start":{"line":392,"column":4},"end":{"line":392,"column":34}},"186":{"start":{"line":394,"column":2},"end":{"line":396,"column":3}},"187":{"start":{"line":395,"column":4},"end":{"line":395,"column":34}}},"fnMap":{"0":{"name":"createWindow","decl":{"start":{"line":10,"column":9},"end":{"line":10,"column":21}},"loc":{"start":{"line":10,"column":24},"end":{"line":68,"column":1}},"line":10},"1":{"name":"(anonymous_1)","decl":{"start":{"line":31,"column":28},"end":{"line":31,"column":29}},"loc":{"start":{"line":31,"column":34},"end":{"line":33,"column":3}},"line":31},"2":{"name":"(anonymous_2)","decl":{"start":{"line":36,"column":34},"end":{"line":36,"column":35}},"loc":{"start":{"line":36,"column":40},"end":{"line":46,"column":3}},"line":36},"3":{"name":"(anonymous_3)","decl":{"start":{"line":52,"column":32},"end":{"line":52,"column":33}},"loc":{"start":{"line":52,"column":39},"end":{"line":56,"column":5}},"line":52},"4":{"name":"(anonymous_4)","decl":{"start":{"line":65,"column":38},"end":{"line":65,"column":39}},"loc":{"start":{"line":65,"column":92},"end":{"line":67,"column":3}},"line":65},"5":{"name":"(anonymous_5)","decl":{"start":{"line":70,"column":21},"end":{"line":70,"column":22}},"loc":{"start":{"line":70,"column":27},"end":{"line":76,"column":1}},"line":70},"6":{"name":"(anonymous_6)","decl":{"start":{"line":73,"column":21},"end":{"line":73,"column":22}},"loc":{"start":{"line":73,"column":33},"end":{"line":75,"column":3}},"line":73},"7":{"name":"(anonymous_7)","decl":{"start":{"line":78,"column":28},"end":{"line":78,"column":29}},"loc":{"start":{"line":78,"column":40},"end":{"line":80,"column":1}},"line":78},"8":{"name":"(anonymous_8)","decl":{"start":{"line":82,"column":32},"end":{"line":82,"column":33}},"loc":{"start":{"line":82,"column":38},"end":{"line":84,"column":1}},"line":82},"9":{"name":"(anonymous_9)","decl":{"start":{"line":86,"column":32},"end":{"line":86,"column":33}},"loc":{"start":{"line":86,"column":49},"end":{"line":88,"column":1}},"line":86},"10":{"name":"(anonymous_10)","decl":{"start":{"line":91,"column":31},"end":{"line":91,"column":32}},"loc":{"start":{"line":91,"column":56},"end":{"line":236,"column":1}},"line":91},"11":{"name":"(anonymous_11)","decl":{"start":{"line":114,"column":23},"end":{"line":114,"column":24}},"loc":{"start":{"line":114,"column":44},"end":{"line":232,"column":5}},"line":114},"12":{"name":"(anonymous_12)","decl":{"start":{"line":115,"column":33},"end":{"line":115,"column":34}},"loc":{"start":{"line":115,"column":39},"end":{"line":121,"column":7}},"line":115},"13":{"name":"(anonymous_13)","decl":{"start":{"line":128,"column":38},"end":{"line":128,"column":39}},"loc":{"start":{"line":128,"column":48},"end":{"line":147,"column":7}},"line":128},"14":{"name":"(anonymous_14)","decl":{"start":{"line":135,"column":22},"end":{"line":135,"column":23}},"loc":{"start":{"line":135,"column":30},"end":{"line":146,"column":9}},"line":135},"15":{"name":"(anonymous_15)","decl":{"start":{"line":151,"column":38},"end":{"line":151,"column":39}},"loc":{"start":{"line":151,"column":48},"end":{"line":184,"column":7}},"line":151},"16":{"name":"(anonymous_16)","decl":{"start":{"line":158,"column":22},"end":{"line":158,"column":23}},"loc":{"start":{"line":158,"column":30},"end":{"line":183,"column":9}},"line":158},"17":{"name":"(anonymous_17)","decl":{"start":{"line":186,"column":31},"end":{"line":186,"column":32}},"loc":{"start":{"line":186,"column":41},"end":{"line":196,"column":7}},"line":186},"18":{"name":"(anonymous_18)","decl":{"start":{"line":198,"column":32},"end":{"line":198,"column":33}},"loc":{"start":{"line":198,"column":43},"end":{"line":206,"column":7}},"line":198},"19":{"name":"(anonymous_19)","decl":{"start":{"line":209,"column":17},"end":{"line":209,"column":18}},"loc":{"start":{"line":209,"column":23},"end":{"line":231,"column":7}},"line":209},"20":{"name":"(anonymous_20)","decl":{"start":{"line":215,"column":66},"end":{"line":215,"column":67}},"loc":{"start":{"line":215,"column":72},"end":{"line":222,"column":11}},"line":215},"21":{"name":"(anonymous_21)","decl":{"start":{"line":224,"column":26},"end":{"line":224,"column":27}},"loc":{"start":{"line":224,"column":35},"end":{"line":227,"column":11}},"line":224},"22":{"name":"(anonymous_22)","decl":{"start":{"line":238,"column":30},"end":{"line":238,"column":31}},"loc":{"start":{"line":238,"column":42},"end":{"line":262,"column":1}},"line":238},"23":{"name":"(anonymous_23)","decl":{"start":{"line":246,"column":23},"end":{"line":246,"column":24}},"loc":{"start":{"line":246,"column":36},"end":{"line":258,"column":5}},"line":246},"24":{"name":"(anonymous_24)","decl":{"start":{"line":247,"column":33},"end":{"line":247,"column":34}},"loc":{"start":{"line":247,"column":39},"end":{"line":251,"column":7}},"line":247},"25":{"name":"(anonymous_25)","decl":{"start":{"line":253,"column":31},"end":{"line":253,"column":32}},"loc":{"start":{"line":253,"column":37},"end":{"line":257,"column":7}},"line":253},"26":{"name":"(anonymous_26)","decl":{"start":{"line":264,"column":31},"end":{"line":264,"column":32}},"loc":{"start":{"line":264,"column":56},"end":{"line":354,"column":1}},"line":264},"27":{"name":"(anonymous_27)","decl":{"start":{"line":285,"column":23},"end":{"line":285,"column":24}},"loc":{"start":{"line":285,"column":44},"end":{"line":350,"column":5}},"line":285},"28":{"name":"(anonymous_28)","decl":{"start":{"line":286,"column":33},"end":{"line":286,"column":34}},"loc":{"start":{"line":286,"column":39},"end":{"line":288,"column":7}},"line":286},"29":{"name":"(anonymous_29)","decl":{"start":{"line":293,"column":38},"end":{"line":293,"column":39}},"loc":{"start":{"line":293,"column":48},"end":{"line":309,"column":7}},"line":293},"30":{"name":"(anonymous_30)","decl":{"start":{"line":300,"column":22},"end":{"line":300,"column":23}},"loc":{"start":{"line":300,"column":30},"end":{"line":308,"column":9}},"line":300},"31":{"name":"(anonymous_31)","decl":{"start":{"line":311,"column":38},"end":{"line":311,"column":39}},"loc":{"start":{"line":311,"column":48},"end":{"line":340,"column":7}},"line":311},"32":{"name":"(anonymous_32)","decl":{"start":{"line":318,"column":22},"end":{"line":318,"column":23}},"loc":{"start":{"line":318,"column":30},"end":{"line":339,"column":9}},"line":318},"33":{"name":"(anonymous_33)","decl":{"start":{"line":342,"column":31},"end":{"line":342,"column":32}},"loc":{"start":{"line":342,"column":41},"end":{"line":349,"column":7}},"line":342},"34":{"name":"(anonymous_34)","decl":{"start":{"line":356,"column":30},"end":{"line":356,"column":31}},"loc":{"start":{"line":356,"column":42},"end":{"line":380,"column":1}},"line":356},"35":{"name":"(anonymous_35)","decl":{"start":{"line":364,"column":23},"end":{"line":364,"column":24}},"loc":{"start":{"line":364,"column":36},"end":{"line":376,"column":5}},"line":364},"36":{"name":"(anonymous_36)","decl":{"start":{"line":365,"column":33},"end":{"line":365,"column":34}},"loc":{"start":{"line":365,"column":39},"end":{"line":369,"column":7}},"line":365},"37":{"name":"(anonymous_37)","decl":{"start":{"line":371,"column":31},"end":{"line":371,"column":32}},"loc":{"start":{"line":371,"column":37},"end":{"line":375,"column":7}},"line":371},"38":{"name":"(anonymous_38)","decl":{"start":{"line":382,"column":37},"end":{"line":382,"column":38}},"loc":{"start":{"line":382,"column":43},"end":{"line":387,"column":1}},"line":382},"39":{"name":"(anonymous_39)","decl":{"start":{"line":390,"column":22},"end":{"line":390,"column":23}},"loc":{"start":{"line":390,"column":28},"end":{"line":397,"column":1}},"line":390}},"branchMap":{"0":{"loc":{"start":{"line":48,"column":2},"end":{"line":62,"column":3}},"type":"if","locations":[{"start":{"line":48,"column":2},"end":{"line":62,"column":3}},{"start":{"line":60,"column":9},"end":{"line":62,"column":3}}],"line":48},"1":{"loc":{"start":{"line":49,"column":22},"end":{"line":49,"column":48}},"type":"binary-expr","locations":[{"start":{"line":49,"column":22},"end":{"line":49,"column":38}},{"start":{"line":49,"column":42},"end":{"line":49,"column":48}}],"line":49},"2":{"loc":{"start":{"line":74,"column":4},"end":{"line":74,"column":67}},"type":"if","locations":[{"start":{"line":74,"column":4},"end":{"line":74,"column":67}},{"start":{},"end":{}}],"line":74},"3":{"loc":{"start":{"line":79,"column":2},"end":{"line":79,"column":48}},"type":"if","locations":[{"start":{"line":79,"column":2},"end":{"line":79,"column":48}},{"start":{},"end":{}}],"line":79},"4":{"loc":{"start":{"line":93,"column":4},"end":{"line":95,"column":5}},"type":"if","locations":[{"start":{"line":93,"column":4},"end":{"line":95,"column":5}},{"start":{},"end":{}}],"line":93},"5":{"loc":{"start":{"line":106,"column":19},"end":{"line":106,"column":44}},"type":"binary-expr","locations":[{"start":{"line":106,"column":19},"end":{"line":106,"column":34}},{"start":{"line":106,"column":38},"end":{"line":106,"column":44}}],"line":106},"6":{"loc":{"start":{"line":116,"column":8},"end":{"line":119,"column":9}},"type":"if","locations":[{"start":{"line":116,"column":8},"end":{"line":119,"column":9}},{"start":{},"end":{}}],"line":116},"7":{"loc":{"start":{"line":136,"column":10},"end":{"line":145,"column":11}},"type":"if","locations":[{"start":{"line":136,"column":10},"end":{"line":145,"column":11}},{"start":{},"end":{}}],"line":136},"8":{"loc":{"start":{"line":139,"column":12},"end":{"line":144,"column":13}},"type":"if","locations":[{"start":{"line":139,"column":12},"end":{"line":144,"column":13}},{"start":{},"end":{}}],"line":139},"9":{"loc":{"start":{"line":139,"column":16},"end":{"line":139,"column":76}},"type":"binary-expr","locations":[{"start":{"line":139,"column":16},"end":{"line":139,"column":60}},{"start":{"line":139,"column":64},"end":{"line":139,"column":76}}],"line":139},"10":{"loc":{"start":{"line":159,"column":10},"end":{"line":182,"column":11}},"type":"if","locations":[{"start":{"line":159,"column":10},"end":{"line":182,"column":11}},{"start":{},"end":{}}],"line":159},"11":{"loc":{"start":{"line":164,"column":12},"end":{"line":174,"column":13}},"type":"if","locations":[{"start":{"line":164,"column":12},"end":{"line":174,"column":13}},{"start":{"line":171,"column":19},"end":{"line":174,"column":13}}],"line":164},"12":{"loc":{"start":{"line":164,"column":16},"end":{"line":169,"column":42}},"type":"binary-expr","locations":[{"start":{"line":164,"column":16},"end":{"line":164,"column":39}},{"start":{"line":165,"column":16},"end":{"line":165,"column":42}},{"start":{"line":166,"column":16},"end":{"line":166,"column":44}},{"start":{"line":167,"column":16},"end":{"line":167,"column":52}},{"start":{"line":168,"column":16},"end":{"line":168,"column":42}},{"start":{"line":169,"column":16},"end":{"line":169,"column":42}}],"line":164},"13":{"loc":{"start":{"line":176,"column":12},"end":{"line":181,"column":13}},"type":"if","locations":[{"start":{"line":176,"column":12},"end":{"line":181,"column":13}},{"start":{},"end":{}}],"line":176},"14":{"loc":{"start":{"line":176,"column":16},"end":{"line":176,"column":102}},"type":"binary-expr","locations":[{"start":{"line":176,"column":16},"end":{"line":176,"column":28}},{"start":{"line":176,"column":33},"end":{"line":176,"column":61}},{"start":{"line":176,"column":65},"end":{"line":176,"column":101}}],"line":176},"15":{"loc":{"start":{"line":191,"column":8},"end":{"line":195,"column":9}},"type":"if","locations":[{"start":{"line":191,"column":8},"end":{"line":195,"column":9}},{"start":{},"end":{}}],"line":191},"16":{"loc":{"start":{"line":191,"column":12},"end":{"line":191,"column":38}},"type":"binary-expr","locations":[{"start":{"line":191,"column":12},"end":{"line":191,"column":22}},{"start":{"line":191,"column":26},"end":{"line":191,"column":38}}],"line":191},"17":{"loc":{"start":{"line":200,"column":8},"end":{"line":205,"column":9}},"type":"if","locations":[{"start":{"line":200,"column":8},"end":{"line":205,"column":9}},{"start":{},"end":{}}],"line":200},"18":{"loc":{"start":{"line":210,"column":8},"end":{"line":230,"column":9}},"type":"if","locations":[{"start":{"line":210,"column":8},"end":{"line":230,"column":9}},{"start":{},"end":{}}],"line":210},"19":{"loc":{"start":{"line":210,"column":12},"end":{"line":210,"column":41}},"type":"binary-expr","locations":[{"start":{"line":210,"column":12},"end":{"line":210,"column":25}},{"start":{"line":210,"column":29},"end":{"line":210,"column":41}}],"line":210},"20":{"loc":{"start":{"line":216,"column":12},"end":{"line":221,"column":13}},"type":"if","locations":[{"start":{"line":216,"column":12},"end":{"line":221,"column":13}},{"start":{},"end":{}}],"line":216},"21":{"loc":{"start":{"line":240,"column":4},"end":{"line":242,"column":5}},"type":"if","locations":[{"start":{"line":240,"column":4},"end":{"line":242,"column":5}},{"start":{},"end":{}}],"line":240},"22":{"loc":{"start":{"line":266,"column":4},"end":{"line":268,"column":5}},"type":"if","locations":[{"start":{"line":266,"column":4},"end":{"line":268,"column":5}},{"start":{},"end":{}}],"line":266},"23":{"loc":{"start":{"line":278,"column":19},"end":{"line":278,"column":44}},"type":"binary-expr","locations":[{"start":{"line":278,"column":19},"end":{"line":278,"column":34}},{"start":{"line":278,"column":38},"end":{"line":278,"column":44}}],"line":278},"24":{"loc":{"start":{"line":301,"column":10},"end":{"line":307,"column":11}},"type":"if","locations":[{"start":{"line":301,"column":10},"end":{"line":307,"column":11}},{"start":{},"end":{}}],"line":301},"25":{"loc":{"start":{"line":303,"column":12},"end":{"line":306,"column":13}},"type":"if","locations":[{"start":{"line":303,"column":12},"end":{"line":306,"column":13}},{"start":{},"end":{}}],"line":303},"26":{"loc":{"start":{"line":319,"column":10},"end":{"line":338,"column":11}},"type":"if","locations":[{"start":{"line":319,"column":10},"end":{"line":338,"column":11}},{"start":{},"end":{}}],"line":319},"27":{"loc":{"start":{"line":321,"column":12},"end":{"line":324,"column":13}},"type":"if","locations":[{"start":{"line":321,"column":12},"end":{"line":324,"column":13}},{"start":{},"end":{}}],"line":321},"28":{"loc":{"start":{"line":327,"column":12},"end":{"line":337,"column":13}},"type":"if","locations":[{"start":{"line":327,"column":12},"end":{"line":337,"column":13}},{"start":{"line":334,"column":19},"end":{"line":337,"column":13}}],"line":327},"29":{"loc":{"start":{"line":327,"column":16},"end":{"line":332,"column":42}},"type":"binary-expr","locations":[{"start":{"line":327,"column":16},"end":{"line":327,"column":39}},{"start":{"line":328,"column":16},"end":{"line":328,"column":42}},{"start":{"line":329,"column":16},"end":{"line":329,"column":44}},{"start":{"line":330,"column":16},"end":{"line":330,"column":52}},{"start":{"line":331,"column":16},"end":{"line":331,"column":42}},{"start":{"line":332,"column":16},"end":{"line":332,"column":42}}],"line":327},"30":{"loc":{"start":{"line":345,"column":8},"end":{"line":348,"column":9}},"type":"if","locations":[{"start":{"line":345,"column":8},"end":{"line":348,"column":9}},{"start":{},"end":{}}],"line":345},"31":{"loc":{"start":{"line":358,"column":4},"end":{"line":360,"column":5}},"type":"if","locations":[{"start":{"line":358,"column":4},"end":{"line":360,"column":5}},{"start":{},"end":{}}],"line":358},"32":{"loc":{"start":{"line":384,"column":12},"end":{"line":384,"column":49}},"type":"cond-expr","locations":[{"start":{"line":384,"column":28},"end":{"line":384,"column":37}},{"start":{"line":384,"column":40},"end":{"line":384,"column":49}}],"line":384},"33":{"loc":{"start":{"line":385,"column":12},"end":{"line":385,"column":49}},"type":"cond-expr","locations":[{"start":{"line":385,"column":28},"end":{"line":385,"column":37}},{"start":{"line":385,"column":40},"end":{"line":385,"column":49}}],"line":385},"34":{"loc":{"start":{"line":391,"column":2},"end":{"line":393,"column":3}},"type":"if","locations":[{"start":{"line":391,"column":2},"end":{"line":393,"column":3}},{"start":{},"end":{}}],"line":391},"35":{"loc":{"start":{"line":394,"column":2},"end":{"line":396,"column":3}},"type":"if","locations":[{"start":{"line":394,"column":2},"end":{"line":396,"column":3}},{"start":{},"end":{}}],"line":394}},"s":{"0":0,"1":0,"2":0,"3":0,"4":0,"5":0,"6":0,"7":0,"8":0,"9":0,"10":0,"11":0,"12":0,"13":0,"14":0,"15":0,"16":0,"17":0,"18":0,"19":0,"20":0,"21":0,"22":0,"23":0,"24":0,"25":0,"26":0,"27":0,"28":0,"29":0,"30":0,"31":0,"32":0,"33":0,"34":0,"35":0,"36":0,"37":0,"38":0,"39":0,"40":0,"41":0,"42":0,"43":0,"44":0,"45":0,"46":0,"47":0,"48":0,"49":0,"50":0,"51":0,"52":0,"53":0,"54":0,"55":0,"56":0,"57":0,"58":0,"59":0,"60":0,"61":0,"62":0,"63":0,"64":0,"65":0,"66":0,"67":0,"68":0,"69":0,"70":0,"71":0,"72":0,"73":0,"74":0,"75":0,"76":0,"77":0,"78":0,"79":0,"80":0,"81":0,"82":0,"83":0,"84":0,"85":0,"86":0,"87":0,"88":0,"89":0,"90":0,"91":0,"92":0,"93":0,"94":0,"95":0,"96":0,"97":0,"98":0,"99":0,"100":0,"101":0,"102":0,"103":0,"104":0,"105":0,"106":0,"107":0,"108":0,"109":0,"110":0,"111":0,"112":0,"113":0,"114":0,"115":0,"116":0,"117":0,"118":0,"119":0,"120":0,"121":0,"122":0,"123":0,"124":0,"125":0,"126":0,"127":0,"128":0,"129":0,"130":0,"131":0,"132":0,"133":0,"134":0,"135":0,"136":0,"137":0,"138":0,"139":0,"140":0,"141":0,"142":0,"143":0,"144":0,"145":0,"146":0,"147":0,"148":0,"149":0,"150":0,"151":0,"152":0,"153":0,"154":0,"155":0,"156":0,"157":0,"158":0,"159":0,"160":0,"161":0,"162":0,"163":0,"164":0,"165":0,"166":0,"167":0,"168":0,"169":0,"170":0,"171":0,"172":0,"173":0,"174":0,"175":0,"176":0,"177":0,"178":0,"179":0,"180":0,"181":0,"182":0,"183":0,"184":0,"185":0,"186":0,"187":0},"f":{"0":0,"1":0,"2":0,"3":0,"4":0,"5":0,"6":0,"7":0,"8":0,"9":0,"10":0,"11":0,"12":0,"13":0,"14":0,"15":0,"16":0,"17":0,"18":0,"19":0,"20":0,"21":0,"22":0,"23":0,"24":0,"25":0,"26":0,"27":0,"28":0,"29":0,"30":0,"31":0,"32":0,"33":0,"34":0,"35":0,"36":0,"37":0,"38":0,"39":0},"b":{"0":[0,0],"1":[0,0],"2":[0,0],"3":[0,0],"4":[0,0],"5":[0,0],"6":[0,0],"7":[0,0],"8":[0,0],"9":[0,0],"10":[0,0],"11":[0,0],"12":[0,0,0,0,0,0],"13":[0,0],"14":[0,0,0],"15":[0,0],"16":[0,0],"17":[0,0],"18":[0,0],"19":[0,0],"20":[0,0],"21":[0,0],"22":[0,0],"23":[0,0],"24":[0,0],"25":[0,0],"26":[0,0],"27":[0,0],"28":[0,0],"29":[0,0,0,0,0,0],"30":[0,0],"31":[0,0],"32":[0,0],"33":[0,0],"34":[0,0],"35":[0,0]}}
,"/Users/fenglin/PycharmProjects/clip-bridge/src/preload.js": {"path":"/Users/fenglin/PycharmProjects/clip-bridge/src/preload.js","statementMap":{"0":{"start":{"line":1,"column":39},"end":{"line":1,"column":58}},"1":{"start":{"line":3,"column":0},"end":{"line":32,"column":3}},"2":{"start":{"line":5,"column":22},"end":{"line":5,"column":57}},"3":{"start":{"line":6,"column":26},"end":{"line":6,"column":67}},"4":{"start":{"line":9,"column":27},"end":{"line":9,"column":69}},"5":{"start":{"line":10,"column":20},"end":{"line":10,"column":53}},"6":{"start":{"line":11,"column":27},"end":{"line":11,"column":69}},"7":{"start":{"line":12,"column":20},"end":{"line":12,"column":53}},"8":{"start":{"line":13,"column":26},"end":{"line":13,"column":66}},"9":{"start":{"line":17,"column":4},"end":{"line":17,"column":62}},"10":{"start":{"line":17,"column":46},"end":{"line":17,"column":60}},"11":{"start":{"line":18,"column":4},"end":{"line":18,"column":62}},"12":{"start":{"line":18,"column":17},"end":{"line":18,"column":61}},"13":{"start":{"line":21,"column":4},"end":{"line":21,"column":62}},"14":{"start":{"line":21,"column":46},"end":{"line":21,"column":60}},"15":{"start":{"line":22,"column":4},"end":{"line":22,"column":62}},"16":{"start":{"line":22,"column":17},"end":{"line":22,"column":61}},"17":{"start":{"line":25,"column":4},"end":{"line":25,"column":69}},"18":{"start":{"line":25,"column":51},"end":{"line":25,"column":67}},"19":{"start":{"line":26,"column":4},"end":{"line":26,"column":65}},"20":{"start":{"line":26,"column":17},"end":{"line":26,"column":64}},"21":{"start":{"line":29,"column":4},"end":{"line":29,"column":69}},"22":{"start":{"line":29,"column":51},"end":{"line":29,"column":67}},"23":{"start":{"line":30,"column":4},"end":{"line":30,"column":65}},"24":{"start":{"line":30,"column":17},"end":{"line":30,"column":64}}},"fnMap":{"0":{"name":"(anonymous_0)","decl":{"start":{"line":5,"column":16},"end":{"line":5,"column":17}},"loc":{"start":{"line":5,"column":22},"end":{"line":5,"column":57}},"line":5},"1":{"name":"(anonymous_1)","decl":{"start":{"line":6,"column":16},"end":{"line":6,"column":17}},"loc":{"start":{"line":6,"column":26},"end":{"line":6,"column":67}},"line":6},"2":{"name":"(anonymous_2)","decl":{"start":{"line":9,"column":15},"end":{"line":9,"column":16}},"loc":{"start":{"line":9,"column":27},"end":{"line":9,"column":69}},"line":9},"3":{"name":"(anonymous_3)","decl":{"start":{"line":10,"column":14},"end":{"line":10,"column":15}},"loc":{"start":{"line":10,"column":20},"end":{"line":10,"column":53}},"line":10},"4":{"name":"(anonymous_4)","decl":{"start":{"line":11,"column":15},"end":{"line":11,"column":16}},"loc":{"start":{"line":11,"column":27},"end":{"line":11,"column":69}},"line":11},"5":{"name":"(anonymous_5)","decl":{"start":{"line":12,"column":14},"end":{"line":12,"column":15}},"loc":{"start":{"line":12,"column":20},"end":{"line":12,"column":53}},"line":12},"6":{"name":"(anonymous_6)","decl":{"start":{"line":13,"column":20},"end":{"line":13,"column":21}},"loc":{"start":{"line":13,"column":26},"end":{"line":13,"column":66}},"line":13},"7":{"name":"(anonymous_7)","decl":{"start":{"line":16,"column":15},"end":{"line":16,"column":16}},"loc":{"start":{"line":16,"column":29},"end":{"line":19,"column":3}},"line":16},"8":{"name":"(anonymous_8)","decl":{"start":{"line":17,"column":33},"end":{"line":17,"column":34}},"loc":{"start":{"line":17,"column":46},"end":{"line":17,"column":60}},"line":17},"9":{"name":"(anonymous_9)","decl":{"start":{"line":18,"column":11},"end":{"line":18,"column":12}},"loc":{"start":{"line":18,"column":17},"end":{"line":18,"column":61}},"line":18},"10":{"name":"(anonymous_10)","decl":{"start":{"line":20,"column":15},"end":{"line":20,"column":16}},"loc":{"start":{"line":20,"column":29},"end":{"line":23,"column":3}},"line":20},"11":{"name":"(anonymous_11)","decl":{"start":{"line":21,"column":33},"end":{"line":21,"column":34}},"loc":{"start":{"line":21,"column":46},"end":{"line":21,"column":60}},"line":21},"12":{"name":"(anonymous_12)","decl":{"start":{"line":22,"column":11},"end":{"line":22,"column":12}},"loc":{"start":{"line":22,"column":17},"end":{"line":22,"column":61}},"line":22},"13":{"name":"(anonymous_13)","decl":{"start":{"line":24,"column":18},"end":{"line":24,"column":19}},"loc":{"start":{"line":24,"column":32},"end":{"line":27,"column":3}},"line":24},"14":{"name":"(anonymous_14)","decl":{"start":{"line":25,"column":36},"end":{"line":25,"column":37}},"loc":{"start":{"line":25,"column":51},"end":{"line":25,"column":67}},"line":25},"15":{"name":"(anonymous_15)","decl":{"start":{"line":26,"column":11},"end":{"line":26,"column":12}},"loc":{"start":{"line":26,"column":17},"end":{"line":26,"column":64}},"line":26},"16":{"name":"(anonymous_16)","decl":{"start":{"line":28,"column":18},"end":{"line":28,"column":19}},"loc":{"start":{"line":28,"column":32},"end":{"line":31,"column":3}},"line":28},"17":{"name":"(anonymous_17)","decl":{"start":{"line":29,"column":36},"end":{"line":29,"column":37}},"loc":{"start":{"line":29,"column":51},"end":{"line":29,"column":67}},"line":29},"18":{"name":"(anonymous_18)","decl":{"start":{"line":30,"column":11},"end":{"line":30,"column":12}},"loc":{"start":{"line":30,"column":17},"end":{"line":30,"column":64}},"line":30}},"branchMap":{},"s":{"0":0,"1":0,"2":0,"3":0,"4":0,"5":0,"6":0,"7":0,"8":0,"9":0,"10":0,"11":0,"12":0,"13":0,"14":0,"15":0,"16":0,"17":0,"18":0,"19":0,"20":0,"21":0,"22":0,"23":0,"24":0},"f":{"0":0,"1":0,"2":0,"3":0,"4":0,"5":0,"6":0,"7":0,"8":0,"9":0,"10":0,"11":0,"12":0,"13":0,"14":0,"15":0,"16":0,"17":0,"18":0},"b":{}}
,"/Users/fenglin/PycharmProjects/clip-bridge/src/renderer/App.jsx": {"path":"/Users/fenglin/PycharmProjects/clip-bridge/src/renderer/App.jsx","statementMap":{"0":{"start":{"line":39,"column":38},"end":{"line":39,"column":49}},"1":{"start":{"line":40,"column":42},"end":{"line":40,"column":57}},"2":{"start":{"line":41,"column":26},"end":{"line":41,"column":44}},"3":{"start":{"line":42,"column":36},"end":{"line":42,"column":51}},"4":{"start":{"line":43,"column":30},"end":{"line":48,"column":4}},"5":{"start":{"line":49,"column":30},"end":{"line":49,"column":46}},"6":{"start":{"line":50,"column":26},"end":{"line":50,"column":38}},"7":{"start":{"line":51,"column":29},"end":{"line":51,"column":41}},"8":{"start":{"line":54,"column":22},"end":{"line":57,"column":3}},"9":{"start":{"line":59,"column":29},"end":{"line":61,"column":3}},"10":{"start":{"line":60,"column":4},"end":{"line":60,"column":51}},"11":{"start":{"line":60,"column":23},"end":{"line":60,"column":48}},"12":{"start":{"line":64,"column":2},"end":{"line":93,"column":13}},"13":{"start":{"line":65,"column":36},"end":{"line":65,"column":69}},"14":{"start":{"line":66,"column":36},"end":{"line":66,"column":69}},"15":{"start":{"line":67,"column":39},"end":{"line":70,"column":6}},"16":{"start":{"line":68,"column":6},"end":{"line":68,"column":24}},"17":{"start":{"line":69,"column":6},"end":{"line":69,"column":52}},"18":{"start":{"line":69,"column":32},"end":{"line":69,"column":52}},"19":{"start":{"line":71,"column":39},"end":{"line":74,"column":6}},"20":{"start":{"line":72,"column":6},"end":{"line":72,"column":24}},"21":{"start":{"line":73,"column":6},"end":{"line":73,"column":52}},"22":{"start":{"line":73,"column":32},"end":{"line":73,"column":52}},"23":{"start":{"line":77,"column":4},"end":{"line":85,"column":7}},"24":{"start":{"line":78,"column":6},"end":{"line":84,"column":7}},"25":{"start":{"line":79,"column":8},"end":{"line":79,"column":27}},"26":{"start":{"line":80,"column":8},"end":{"line":80,"column":29}},"27":{"start":{"line":81,"column":13},"end":{"line":84,"column":7}},"28":{"start":{"line":82,"column":8},"end":{"line":82,"column":27}},"29":{"start":{"line":83,"column":8},"end":{"line":83,"column":29}},"30":{"start":{"line":87,"column":4},"end":{"line":92,"column":6}},"31":{"start":{"line":88,"column":6},"end":{"line":88,"column":34}},"32":{"start":{"line":89,"column":6},"end":{"line":89,"column":34}},"33":{"start":{"line":90,"column":6},"end":{"line":90,"column":37}},"34":{"start":{"line":91,"column":6},"end":{"line":91,"column":37}},"35":{"start":{"line":95,"column":23},"end":{"line":118,"column":3}},"36":{"start":{"line":96,"column":4},"end":{"line":96,"column":26}},"37":{"start":{"line":97,"column":4},"end":{"line":97,"column":23}},"38":{"start":{"line":99,"column":4},"end":{"line":117,"column":5}},"39":{"start":{"line":101,"column":6},"end":{"line":105,"column":7}},"40":{"start":{"line":102,"column":8},"end":{"line":102,"column":57}},"41":{"start":{"line":104,"column":8},"end":{"line":104,"column":57}},"42":{"start":{"line":107,"column":6},"end":{"line":112,"column":7}},"43":{"start":{"line":108,"column":8},"end":{"line":108,"column":29}},"44":{"start":{"line":109,"column":8},"end":{"line":109,"column":31}},"45":{"start":{"line":111,"column":8},"end":{"line":111,"column":68}},"46":{"start":{"line":114,"column":6},"end":{"line":114,"column":25}},"47":{"start":{"line":115,"column":6},"end":{"line":115,"column":26}},"48":{"start":{"line":116,"column":6},"end":{"line":116,"column":58}},"49":{"start":{"line":120,"column":22},"end":{"line":142,"column":3}},"50":{"start":{"line":121,"column":4},"end":{"line":121,"column":26}},"51":{"start":{"line":123,"column":4},"end":{"line":141,"column":5}},"52":{"start":{"line":125,"column":6},"end":{"line":129,"column":7}},"53":{"start":{"line":126,"column":8},"end":{"line":126,"column":50}},"54":{"start":{"line":128,"column":8},"end":{"line":128,"column":50}},"55":{"start":{"line":131,"column":6},"end":{"line":137,"column":7}},"56":{"start":{"line":132,"column":8},"end":{"line":132,"column":26}},"57":{"start":{"line":133,"column":8},"end":{"line":133,"column":28}},"58":{"start":{"line":134,"column":8},"end":{"line":134,"column":31}},"59":{"start":{"line":136,"column":8},"end":{"line":136,"column":67}},"60":{"start":{"line":139,"column":6},"end":{"line":139,"column":25}},"61":{"start":{"line":140,"column":6},"end":{"line":140,"column":57}},"62":{"start":{"line":144,"column":17},"end":{"line":147,"column":3}},"63":{"start":{"line":145,"column":22},"end":{"line":145,"column":53}},"64":{"start":{"line":146,"column":4},"end":{"line":146,"column":66}},"65":{"start":{"line":146,"column":20},"end":{"line":146,"column":64}},"66":{"start":{"line":149,"column":28},"end":{"line":276,"column":3}},"67":{"start":{"line":150,"column":4},"end":{"line":275,"column":5}},"68":{"start":{"line":152,"column":8},"end":{"line":240,"column":10}},"69":{"start":{"line":208,"column":24},"end":{"line":208,"column":60}},"70":{"start":{"line":220,"column":58},"end":{"line":220,"column":69}},"71":{"start":{"line":230,"column":24},"end":{"line":232,"column":37}},"72":{"start":{"line":243,"column":8},"end":{"line":250,"column":10}},"73":{"start":{"line":253,"column":8},"end":{"line":271,"column":10}},"74":{"start":{"line":265,"column":20},"end":{"line":265,"column":56}},"75":{"start":{"line":274,"column":8},"end":{"line":274,"column":20}},"76":{"start":{"line":278,"column":2},"end":{"line":379,"column":4}},"77":{"start":{"line":288,"column":53},"end":{"line":288,"column":74}},"78":{"start":{"line":298,"column":67},"end":{"line":298,"column":87}},"79":{"start":{"line":305,"column":49},"end":{"line":305,"column":71}},"80":{"start":{"line":317,"column":35},"end":{"line":317,"column":52}},"81":{"start":{"line":325,"column":35},"end":{"line":325,"column":52}},"82":{"start":{"line":346,"column":37},"end":{"line":346,"column":89}},"83":{"start":{"line":354,"column":39},"end":{"line":354,"column":90}},"84":{"start":{"line":364,"column":41},"end":{"line":364,"column":90}},"85":{"start":{"line":375,"column":33},"end":{"line":375,"column":55}}},"fnMap":{"0":{"name":"App","decl":{"start":{"line":38,"column":24},"end":{"line":38,"column":27}},"loc":{"start":{"line":38,"column":30},"end":{"line":380,"column":1}},"line":38},"1":{"name":"(anonymous_1)","decl":{"start":{"line":59,"column":29},"end":{"line":59,"column":30}},"loc":{"start":{"line":59,"column":45},"end":{"line":61,"column":3}},"line":59},"2":{"name":"(anonymous_2)","decl":{"start":{"line":60,"column":14},"end":{"line":60,"column":15}},"loc":{"start":{"line":60,"column":23},"end":{"line":60,"column":48}},"line":60},"3":{"name":"(anonymous_3)","decl":{"start":{"line":64,"column":12},"end":{"line":64,"column":13}},"loc":{"start":{"line":64,"column":18},"end":{"line":93,"column":3}},"line":64},"4":{"name":"(anonymous_4)","decl":{"start":{"line":67,"column":68},"end":{"line":67,"column":69}},"loc":{"start":{"line":67,"column":80},"end":{"line":70,"column":5}},"line":67},"5":{"name":"(anonymous_5)","decl":{"start":{"line":71,"column":68},"end":{"line":71,"column":69}},"loc":{"start":{"line":71,"column":80},"end":{"line":74,"column":5}},"line":71},"6":{"name":"(anonymous_6)","decl":{"start":{"line":77,"column":42},"end":{"line":77,"column":43}},"loc":{"start":{"line":77,"column":52},"end":{"line":85,"column":5}},"line":77},"7":{"name":"(anonymous_7)","decl":{"start":{"line":87,"column":11},"end":{"line":87,"column":12}},"loc":{"start":{"line":87,"column":17},"end":{"line":92,"column":5}},"line":87},"8":{"name":"(anonymous_8)","decl":{"start":{"line":95,"column":23},"end":{"line":95,"column":24}},"loc":{"start":{"line":95,"column":35},"end":{"line":118,"column":3}},"line":95},"9":{"name":"(anonymous_9)","decl":{"start":{"line":120,"column":22},"end":{"line":120,"column":23}},"loc":{"start":{"line":120,"column":34},"end":{"line":142,"column":3}},"line":120},"10":{"name":"(anonymous_10)","decl":{"start":{"line":144,"column":17},"end":{"line":144,"column":18}},"loc":{"start":{"line":144,"column":30},"end":{"line":147,"column":3}},"line":144},"11":{"name":"(anonymous_11)","decl":{"start":{"line":146,"column":12},"end":{"line":146,"column":13}},"loc":{"start":{"line":146,"column":20},"end":{"line":146,"column":64}},"line":146},"12":{"name":"(anonymous_12)","decl":{"start":{"line":149,"column":28},"end":{"line":149,"column":29}},"loc":{"start":{"line":149,"column":34},"end":{"line":276,"column":3}},"line":149},"13":{"name":"(anonymous_13)","decl":{"start":{"line":207,"column":44},"end":{"line":207,"column":45}},"loc":{"start":{"line":208,"column":24},"end":{"line":208,"column":60}},"line":208},"14":{"name":"(anonymous_14)","decl":{"start":{"line":220,"column":52},"end":{"line":220,"column":53}},"loc":{"start":{"line":220,"column":58},"end":{"line":220,"column":69}},"line":220},"15":{"name":"(anonymous_15)","decl":{"start":{"line":229,"column":32},"end":{"line":229,"column":33}},"loc":{"start":{"line":230,"column":24},"end":{"line":232,"column":37}},"line":230},"16":{"name":"(anonymous_16)","decl":{"start":{"line":264,"column":35},"end":{"line":264,"column":36}},"loc":{"start":{"line":265,"column":20},"end":{"line":265,"column":56}},"line":265},"17":{"name":"(anonymous_17)","decl":{"start":{"line":288,"column":47},"end":{"line":288,"column":48}},"loc":{"start":{"line":288,"column":53},"end":{"line":288,"column":74}},"line":288},"18":{"name":"(anonymous_18)","decl":{"start":{"line":298,"column":53},"end":{"line":298,"column":54}},"loc":{"start":{"line":298,"column":67},"end":{"line":298,"column":87}},"line":298},"19":{"name":"(anonymous_19)","decl":{"start":{"line":305,"column":43},"end":{"line":305,"column":44}},"loc":{"start":{"line":305,"column":49},"end":{"line":305,"column":71}},"line":305},"20":{"name":"(anonymous_20)","decl":{"start":{"line":317,"column":29},"end":{"line":317,"column":30}},"loc":{"start":{"line":317,"column":35},"end":{"line":317,"column":52}},"line":317},"21":{"name":"(anonymous_21)","decl":{"start":{"line":325,"column":29},"end":{"line":325,"column":30}},"loc":{"start":{"line":325,"column":35},"end":{"line":325,"column":52}},"line":325},"22":{"name":"(anonymous_22)","decl":{"start":{"line":346,"column":30},"end":{"line":346,"column":31}},"loc":{"start":{"line":346,"column":37},"end":{"line":346,"column":89}},"line":346},"23":{"name":"(anonymous_23)","decl":{"start":{"line":354,"column":32},"end":{"line":354,"column":33}},"loc":{"start":{"line":354,"column":39},"end":{"line":354,"column":90}},"line":354},"24":{"name":"(anonymous_24)","decl":{"start":{"line":364,"column":34},"end":{"line":364,"column":35}},"loc":{"start":{"line":364,"column":41},"end":{"line":364,"column":90}},"line":364},"25":{"name":"(anonymous_25)","decl":{"start":{"line":375,"column":27},"end":{"line":375,"column":28}},"loc":{"start":{"line":375,"column":33},"end":{"line":375,"column":55}},"line":375}},"branchMap":{"0":{"loc":{"start":{"line":69,"column":6},"end":{"line":69,"column":52}},"type":"if","locations":[{"start":{"line":69,"column":6},"end":{"line":69,"column":52}},{"start":{},"end":{}}],"line":69},"1":{"loc":{"start":{"line":73,"column":6},"end":{"line":73,"column":52}},"type":"if","locations":[{"start":{"line":73,"column":6},"end":{"line":73,"column":52}},{"start":{},"end":{}}],"line":73},"2":{"loc":{"start":{"line":78,"column":6},"end":{"line":84,"column":7}},"type":"if","locations":[{"start":{"line":78,"column":6},"end":{"line":84,"column":7}},{"start":{"line":81,"column":13},"end":{"line":84,"column":7}}],"line":78},"3":{"loc":{"start":{"line":78,"column":10},"end":{"line":78,"column":58}},"type":"binary-expr","locations":[{"start":{"line":78,"column":10},"end":{"line":78,"column":27}},{"start":{"line":78,"column":31},"end":{"line":78,"column":58}}],"line":78},"4":{"loc":{"start":{"line":81,"column":13},"end":{"line":84,"column":7}},"type":"if","locations":[{"start":{"line":81,"column":13},"end":{"line":84,"column":7}},{"start":{},"end":{}}],"line":81},"5":{"loc":{"start":{"line":81,"column":17},"end":{"line":81,"column":65}},"type":"binary-expr","locations":[{"start":{"line":81,"column":17},"end":{"line":81,"column":34}},{"start":{"line":81,"column":38},"end":{"line":81,"column":65}}],"line":81},"6":{"loc":{"start":{"line":101,"column":6},"end":{"line":105,"column":7}},"type":"if","locations":[{"start":{"line":101,"column":6},"end":{"line":105,"column":7}},{"start":{"line":103,"column":13},"end":{"line":105,"column":7}}],"line":101},"7":{"loc":{"start":{"line":107,"column":6},"end":{"line":112,"column":7}},"type":"if","locations":[{"start":{"line":107,"column":6},"end":{"line":112,"column":7}},{"start":{"line":110,"column":13},"end":{"line":112,"column":7}}],"line":107},"8":{"loc":{"start":{"line":111,"column":24},"end":{"line":111,"column":66}},"type":"binary-expr","locations":[{"start":{"line":111,"column":24},"end":{"line":111,"column":37}},{"start":{"line":111,"column":41},"end":{"line":111,"column":66}}],"line":111},"9":{"loc":{"start":{"line":125,"column":6},"end":{"line":129,"column":7}},"type":"if","locations":[{"start":{"line":125,"column":6},"end":{"line":129,"column":7}},{"start":{"line":127,"column":13},"end":{"line":129,"column":7}}],"line":125},"10":{"loc":{"start":{"line":131,"column":6},"end":{"line":137,"column":7}},"type":"if","locations":[{"start":{"line":131,"column":6},"end":{"line":137,"column":7}},{"start":{"line":135,"column":13},"end":{"line":137,"column":7}}],"line":131},"11":{"loc":{"start":{"line":136,"column":24},"end":{"line":136,"column":65}},"type":"binary-expr","locations":[{"start":{"line":136,"column":24},"end":{"line":136,"column":37}},{"start":{"line":136,"column":41},"end":{"line":136,"column":65}}],"line":136},"12":{"loc":{"start":{"line":150,"column":4},"end":{"line":275,"column":5}},"type":"switch","locations":[{"start":{"line":151,"column":6},"end":{"line":240,"column":10}},{"start":{"line":242,"column":6},"end":{"line":250,"column":10}},{"start":{"line":252,"column":6},"end":{"line":271,"column":10}},{"start":{"line":273,"column":6},"end":{"line":274,"column":20}}],"line":150},"13":{"loc":{"start":{"line":158,"column":21},"end":{"line":158,"column":80}},"type":"cond-expr","locations":[{"start":{"line":158,"column":41},"end":{"line":158,"column":59}},{"start":{"line":158,"column":62},"end":{"line":158,"column":80}}],"line":158},"14":{"loc":{"start":{"line":163,"column":29},"end":{"line":163,"column":104}},"type":"cond-expr","locations":[{"start":{"line":163,"column":52},"end":{"line":163,"column":61}},{"start":{"line":163,"column":64},"end":{"line":163,"column":104}}],"line":163},"15":{"loc":{"start":{"line":163,"column":64},"end":{"line":163,"column":104}},"type":"cond-expr","locations":[{"start":{"line":163,"column":85},"end":{"line":163,"column":92}},{"start":{"line":163,"column":95},"end":{"line":163,"column":104}}],"line":163},"16":{"loc":{"start":{"line":166,"column":21},"end":{"line":176,"column":21}},"type":"cond-expr","locations":[{"start":{"line":167,"column":22},"end":{"line":167,"column":52}},{"start":{"line":169,"column":22},"end":{"line":175,"column":35}}],"line":166},"17":{"loc":{"start":{"line":166,"column":21},"end":{"line":166,"column":67}},"type":"binary-expr","locations":[{"start":{"line":166,"column":21},"end":{"line":166,"column":42}},{"start":{"line":166,"column":46},"end":{"line":166,"column":67}}],"line":166},"18":{"loc":{"start":{"line":170,"column":31},"end":{"line":170,"column":62}},"type":"cond-expr","locations":[{"start":{"line":170,"column":43},"end":{"line":170,"column":50}},{"start":{"line":170,"column":53},"end":{"line":170,"column":62}}],"line":170},"19":{"loc":{"start":{"line":171,"column":33},"end":{"line":171,"column":71}},"type":"cond-expr","locations":[{"start":{"line":171,"column":45},"end":{"line":171,"column":56}},{"start":{"line":171,"column":59},"end":{"line":171,"column":71}}],"line":171},"20":{"loc":{"start":{"line":172,"column":34},"end":{"line":172,"column":80}},"type":"binary-expr","locations":[{"start":{"line":172,"column":34},"end":{"line":172,"column":55}},{"start":{"line":172,"column":59},"end":{"line":172,"column":80}}],"line":172},"21":{"loc":{"start":{"line":174,"column":25},"end":{"line":174,"column":69}},"type":"cond-expr","locations":[{"start":{"line":174,"column":37},"end":{"line":174,"column":49}},{"start":{"line":174,"column":52},"end":{"line":174,"column":69}}],"line":174},"22":{"loc":{"start":{"line":180,"column":17},"end":{"line":195,"column":17}},"type":"cond-expr","locations":[{"start":{"line":181,"column":18},"end":{"line":188,"column":24}},{"start":{"line":190,"column":18},"end":{"line":194,"column":24}}],"line":180},"23":{"loc":{"start":{"line":199,"column":13},"end":{"line":214,"column":13}},"type":"binary-expr","locations":[{"start":{"line":199,"column":13},"end":{"line":199,"column":30}},{"start":{"line":200,"column":14},"end":{"line":213,"column":21}}],"line":199},"24":{"loc":{"start":{"line":203,"column":19},"end":{"line":211,"column":19}},"type":"cond-expr","locations":[{"start":{"line":204,"column":20},"end":{"line":204,"column":71}},{"start":{"line":206,"column":20},"end":{"line":210,"column":28}}],"line":203},"25":{"loc":{"start":{"line":225,"column":19},"end":{"line":235,"column":19}},"type":"cond-expr","locations":[{"start":{"line":226,"column":20},"end":{"line":226,"column":99}},{"start":{"line":228,"column":20},"end":{"line":234,"column":28}}],"line":225},"26":{"loc":{"start":{"line":315,"column":29},"end":{"line":315,"column":73}},"type":"cond-expr","locations":[{"start":{"line":315,"column":49},"end":{"line":315,"column":60}},{"start":{"line":315,"column":63},"end":{"line":315,"column":73}}],"line":315},"27":{"loc":{"start":{"line":323,"column":29},"end":{"line":323,"column":73}},"type":"cond-expr","locations":[{"start":{"line":323,"column":49},"end":{"line":323,"column":60}},{"start":{"line":323,"column":63},"end":{"line":323,"column":73}}],"line":323},"28":{"loc":{"start":{"line":332,"column":19},"end":{"line":332,"column":115}},"type":"cond-expr","locations":[{"start":{"line":332,"column":39},"end":{"line":332,"column":81}},{"start":{"line":332,"column":84},"end":{"line":332,"column":115}}],"line":332},"29":{"loc":{"start":{"line":350,"column":19},"end":{"line":359,"column":19}},"type":"binary-expr","locations":[{"start":{"line":350,"column":19},"end":{"line":350,"column":36}},{"start":{"line":351,"column":20},"end":{"line":358,"column":22}}],"line":350}},"s":{"0":6,"1":6,"2":6,"3":6,"4":6,"5":6,"6":6,"7":6,"8":6,"9":6,"10":0,"11":0,"12":6,"13":5,"14":5,"15":5,"16":0,"17":0,"18":0,"19":5,"20":0,"21":0,"22":0,"23":5,"24":0,"25":0,"26":0,"27":0,"28":0,"29":0,"30":5,"31":5,"32":5,"33":5,"34":5,"35":6,"36":0,"37":0,"38":0,"39":0,"40":0,"41":0,"42":0,"43":0,"44":0,"45":0,"46":0,"47":0,"48":0,"49":6,"50":0,"51":0,"52":0,"53":0,"54":0,"55":0,"56":0,"57":0,"58":0,"59":0,"60":0,"61":0,"62":6,"63":0,"64":0,"65":0,"66":6,"67":6,"68":5,"69":0,"70":0,"71":0,"72":0,"73":1,"74":2,"75":0,"76":6,"77":0,"78":1,"79":0,"80":0,"81":0,"82":0,"83":0,"84":0,"85":0},"f":{"0":6,"1":0,"2":0,"3":5,"4":0,"5":0,"6":0,"7":5,"8":0,"9":0,"10":0,"11":0,"12":6,"13":0,"14":0,"15":0,"16":2,"17":0,"18":1,"19":0,"20":0,"21":0,"22":0,"23":0,"24":0,"25":0},"b":{"0":[0,0],"1":[0,0],"2":[0,0],"3":[0,0],"4":[0,0],"5":[0,0],"6":[0,0],"7":[0,0],"8":[0,0],"9":[0,0],"10":[0,0],"11":[0,0],"12":[5,0,1,0],"13":[5,0],"14":[0,5],"15":[0,5],"16":[0,5],"17":[5,5],"18":[0,5],"19":[0,5],"20":[5,5],"21":[0,5],"22":[5,0],"23":[5,5],"24":[5,0],"25":[5,0],"26":[6,0],"27":[0,6],"28":[6,0],"29":[6,0]},"_coverageSchema":"1a1c01bbd47fc00a2c39e90264f33305004495a9","hash":"6afca88cd0d9a1b763c4d45b984c73f0dee6af93"}
,"/Users/fenglin/PycharmProjects/clip-bridge/src/renderer/index.jsx": {"path":"/Users/fenglin/PycharmProjects/clip-bridge/src/renderer/index.jsx","statementMap":{"0":{"start":{"line":6,"column":13},"end":{"line":6,"column":65}},"1":{"start":{"line":7,"column":0},"end":{"line":7,"column":21}}},"fnMap":{},"branchMap":{},"s":{"0":0,"1":0},"f":{},"b":{}}
,"/Users/fenglin/PycharmProjects/clip-bridge/src/renderer/components/DeviceCard.jsx": {"path":"/Users/fenglin/PycharmProjects/clip-bridge/src/renderer/components/DeviceCard.jsx","statementMap":{"0":{"start":{"line":9,"column":25},"end":{"line":16,"column":3}},"1":{"start":{"line":10,"column":4},"end":{"line":15,"column":5}},"2":{"start":{"line":11,"column":24},"end":{"line":11,"column":41}},"3":{"start":{"line":12,"column":27},"end":{"line":12,"column":42}},"4":{"start":{"line":13,"column":25},"end":{"line":13,"column":42}},"5":{"start":{"line":14,"column":15},"end":{"line":14,"column":32}},"6":{"start":{"line":18,"column":2},"end":{"line":40,"column":4}},"7":{"start":{"line":43,"column":0},"end":{"line":47,"column":2}}},"fnMap":{"0":{"name":"DeviceCard","decl":{"start":{"line":8,"column":24},"end":{"line":8,"column":34}},"loc":{"start":{"line":8,"column":69},"end":{"line":41,"column":1}},"line":8},"1":{"name":"(anonymous_1)","decl":{"start":{"line":9,"column":25},"end":{"line":9,"column":26}},"loc":{"start":{"line":9,"column":37},"end":{"line":16,"column":3}},"line":9}},"branchMap":{"0":{"loc":{"start":{"line":8,"column":47},"end":{"line":8,"column":65}},"type":"default-arg","locations":[{"start":{"line":8,"column":56},"end":{"line":8,"column":65}}],"line":8},"1":{"loc":{"start":{"line":10,"column":4},"end":{"line":15,"column":5}},"type":"switch","locations":[{"start":{"line":11,"column":6},"end":{"line":11,"column":41}},{"start":{"line":12,"column":6},"end":{"line":12,"column":42}},{"start":{"line":13,"column":6},"end":{"line":13,"column":42}},{"start":{"line":14,"column":6},"end":{"line":14,"column":32}}],"line":10}},"s":{"0":15,"1":15,"2":8,"3":2,"4":2,"5":3,"6":15,"7":1},"f":{"0":15,"1":15},"b":{"0":[1],"1":[8,2,2,3]},"_coverageSchema":"1a1c01bbd47fc00a2c39e90264f33305004495a9","hash":"756db7948d9c0848792b7d1414b521e07fa30f12"}
}
