TN:
SF:src/index.js
FNF:0
FNH:0
LF:0
LH:0
BRF:0
BRH:0
end_of_record
TN:
SF:src/main.js
FN:10,createWindow
FN:31,(anonymous_1)
FN:36,(anonymous_2)
FN:52,(anonymous_3)
FN:65,(anonymous_4)
FN:70,(anonymous_5)
FN:73,(anonymous_6)
FN:78,(anonymous_7)
FN:82,(anonymous_8)
FN:86,(anonymous_9)
FN:91,(anonymous_10)
FN:114,(anonymous_11)
FN:115,(anonymous_12)
FN:128,(anonymous_13)
FN:135,(anonymous_14)
FN:151,(anonymous_15)
FN:158,(anonymous_16)
FN:186,(anonymous_17)
FN:198,(anonymous_18)
FN:209,(anonymous_19)
FN:215,(anonymous_20)
FN:224,(anonymous_21)
FN:238,(anonymous_22)
FN:246,(anonymous_23)
FN:247,(anonymous_24)
FN:253,(anonymous_25)
FN:264,(anonymous_26)
FN:285,(anonymous_27)
FN:286,(anonymous_28)
FN:293,(anonymous_29)
FN:300,(anonymous_30)
FN:311,(anonymous_31)
FN:318,(anonymous_32)
FN:342,(anonymous_33)
FN:356,(anonymous_34)
FN:364,(anonymous_35)
FN:365,(anonymous_36)
FN:371,(anonymous_37)
FN:382,(anonymous_38)
FN:390,(anonymous_39)
FNF:40
FNH:0
FNDA:0,createWindow
FNDA:0,(anonymous_1)
FNDA:0,(anonymous_2)
FNDA:0,(anonymous_3)
FNDA:0,(anonymous_4)
FNDA:0,(anonymous_5)
FNDA:0,(anonymous_6)
FNDA:0,(anonymous_7)
FNDA:0,(anonymous_8)
FNDA:0,(anonymous_9)
FNDA:0,(anonymous_10)
FNDA:0,(anonymous_11)
FNDA:0,(anonymous_12)
FNDA:0,(anonymous_13)
FNDA:0,(anonymous_14)
FNDA:0,(anonymous_15)
FNDA:0,(anonymous_16)
FNDA:0,(anonymous_17)
FNDA:0,(anonymous_18)
FNDA:0,(anonymous_19)
FNDA:0,(anonymous_20)
FNDA:0,(anonymous_21)
FNDA:0,(anonymous_22)
FNDA:0,(anonymous_23)
FNDA:0,(anonymous_24)
FNDA:0,(anonymous_25)
FNDA:0,(anonymous_26)
FNDA:0,(anonymous_27)
FNDA:0,(anonymous_28)
FNDA:0,(anonymous_29)
FNDA:0,(anonymous_30)
FNDA:0,(anonymous_31)
FNDA:0,(anonymous_32)
FNDA:0,(anonymous_33)
FNDA:0,(anonymous_34)
FNDA:0,(anonymous_35)
FNDA:0,(anonymous_36)
FNDA:0,(anonymous_37)
FNDA:0,(anonymous_38)
FNDA:0,(anonymous_39)
DA:1,0
DA:2,0
DA:3,0
DA:5,0
DA:7,0
DA:8,0
DA:11,0
DA:28,0
DA:31,0
DA:32,0
DA:36,0
DA:37,0
DA:48,0
DA:49,0
DA:50,0
DA:52,0
DA:53,0
DA:55,0
DA:59,0
DA:61,0
DA:65,0
DA:66,0
DA:70,0
DA:71,0
DA:73,0
DA:74,0
DA:78,0
DA:79,0
DA:82,0
DA:83,0
DA:86,0
DA:87,0
DA:91,0
DA:92,0
DA:93,0
DA:94,0
DA:98,0
DA:100,0
DA:102,0
DA:114,0
DA:115,0
DA:116,0
DA:117,0
DA:118,0
DA:120,0
DA:123,0
DA:124,0
DA:126,0
DA:128,0
DA:129,0
DA:132,0
DA:133,0
DA:135,0
DA:136,0
DA:137,0
DA:138,0
DA:139,0
DA:140,0
DA:141,0
DA:142,0
DA:143,0
DA:149,0
DA:151,0
DA:152,0
DA:155,0
DA:156,0
DA:158,0
DA:159,0
DA:160,0
DA:161,0
DA:164,0
DA:170,0
DA:173,0
DA:176,0
DA:177,0
DA:178,0
DA:179,0
DA:180,0
DA:186,0
DA:187,0
DA:188,0
DA:189,0
DA:190,0
DA:191,0
DA:192,0
DA:193,0
DA:194,0
DA:198,0
DA:199,0
DA:200,0
DA:201,0
DA:202,0
DA:203,0
DA:204,0
DA:209,0
DA:210,0
DA:211,0
DA:214,0
DA:215,0
DA:216,0
DA:217,0
DA:218,0
DA:219,0
DA:220,0
DA:224,0
DA:226,0
DA:229,0
DA:234,0
DA:238,0
DA:239,0
DA:240,0
DA:241,0
DA:244,0
DA:246,0
DA:247,0
DA:248,0
DA:249,0
DA:250,0
DA:253,0
DA:254,0
DA:255,0
DA:256,0
DA:260,0
DA:264,0
DA:265,0
DA:266,0
DA:267,0
DA:270,0
DA:271,0
DA:273,0
DA:285,0
DA:286,0
DA:287,0
DA:290,0
DA:291,0
DA:293,0
DA:294,0
DA:297,0
DA:298,0
DA:300,0
DA:301,0
DA:302,0
DA:303,0
DA:304,0
DA:305,0
DA:311,0
DA:312,0
DA:315,0
DA:316,0
DA:318,0
DA:319,0
DA:321,0
DA:322,0
DA:323,0
DA:327,0
DA:333,0
DA:336,0
DA:342,0
DA:343,0
DA:344,0
DA:345,0
DA:346,0
DA:347,0
DA:352,0
DA:356,0
DA:357,0
DA:358,0
DA:359,0
DA:362,0
DA:364,0
DA:365,0
DA:366,0
DA:367,0
DA:368,0
DA:371,0
DA:372,0
DA:373,0
DA:374,0
DA:378,0
DA:382,0
DA:383,0
DA:390,0
DA:391,0
DA:392,0
DA:394,0
DA:395,0
LF:186
LH:0
BRDA:48,0,0,0
BRDA:48,0,1,0
BRDA:49,1,0,0
BRDA:49,1,1,0
BRDA:74,2,0,0
BRDA:74,2,1,0
BRDA:79,3,0,0
BRDA:79,3,1,0
BRDA:93,4,0,0
BRDA:93,4,1,0
BRDA:106,5,0,0
BRDA:106,5,1,0
BRDA:116,6,0,0
BRDA:116,6,1,0
BRDA:136,7,0,0
BRDA:136,7,1,0
BRDA:139,8,0,0
BRDA:139,8,1,0
BRDA:139,9,0,0
BRDA:139,9,1,0
BRDA:159,10,0,0
BRDA:159,10,1,0
BRDA:164,11,0,0
BRDA:164,11,1,0
BRDA:164,12,0,0
BRDA:164,12,1,0
BRDA:164,12,2,0
BRDA:164,12,3,0
BRDA:164,12,4,0
BRDA:164,12,5,0
BRDA:176,13,0,0
BRDA:176,13,1,0
BRDA:176,14,0,0
BRDA:176,14,1,0
BRDA:176,14,2,0
BRDA:191,15,0,0
BRDA:191,15,1,0
BRDA:191,16,0,0
BRDA:191,16,1,0
BRDA:200,17,0,0
BRDA:200,17,1,0
BRDA:210,18,0,0
BRDA:210,18,1,0
BRDA:210,19,0,0
BRDA:210,19,1,0
BRDA:216,20,0,0
BRDA:216,20,1,0
BRDA:240,21,0,0
BRDA:240,21,1,0
BRDA:266,22,0,0
BRDA:266,22,1,0
BRDA:278,23,0,0
BRDA:278,23,1,0
BRDA:301,24,0,0
BRDA:301,24,1,0
BRDA:303,25,0,0
BRDA:303,25,1,0
BRDA:319,26,0,0
BRDA:319,26,1,0
BRDA:321,27,0,0
BRDA:321,27,1,0
BRDA:327,28,0,0
BRDA:327,28,1,0
BRDA:327,29,0,0
BRDA:327,29,1,0
BRDA:327,29,2,0
BRDA:327,29,3,0
BRDA:327,29,4,0
BRDA:327,29,5,0
BRDA:345,30,0,0
BRDA:345,30,1,0
BRDA:358,31,0,0
BRDA:358,31,1,0
BRDA:384,32,0,0
BRDA:384,32,1,0
BRDA:385,33,0,0
BRDA:385,33,1,0
BRDA:391,34,0,0
BRDA:391,34,1,0
BRDA:394,35,0,0
BRDA:394,35,1,0
BRF:81
BRH:0
end_of_record
TN:
SF:src/preload.js
FN:5,(anonymous_0)
FN:6,(anonymous_1)
FN:9,(anonymous_2)
FN:10,(anonymous_3)
FN:11,(anonymous_4)
FN:12,(anonymous_5)
FN:13,(anonymous_6)
FN:16,(anonymous_7)
FN:17,(anonymous_8)
FN:18,(anonymous_9)
FN:20,(anonymous_10)
FN:21,(anonymous_11)
FN:22,(anonymous_12)
FN:24,(anonymous_13)
FN:25,(anonymous_14)
FN:26,(anonymous_15)
FN:28,(anonymous_16)
FN:29,(anonymous_17)
FN:30,(anonymous_18)
FNF:19
FNH:0
FNDA:0,(anonymous_0)
FNDA:0,(anonymous_1)
FNDA:0,(anonymous_2)
FNDA:0,(anonymous_3)
FNDA:0,(anonymous_4)
FNDA:0,(anonymous_5)
FNDA:0,(anonymous_6)
FNDA:0,(anonymous_7)
FNDA:0,(anonymous_8)
FNDA:0,(anonymous_9)
FNDA:0,(anonymous_10)
FNDA:0,(anonymous_11)
FNDA:0,(anonymous_12)
FNDA:0,(anonymous_13)
FNDA:0,(anonymous_14)
FNDA:0,(anonymous_15)
FNDA:0,(anonymous_16)
FNDA:0,(anonymous_17)
FNDA:0,(anonymous_18)
DA:1,0
DA:3,0
DA:5,0
DA:6,0
DA:9,0
DA:10,0
DA:11,0
DA:12,0
DA:13,0
DA:17,0
DA:18,0
DA:21,0
DA:22,0
DA:25,0
DA:26,0
DA:29,0
DA:30,0
LF:17
LH:0
BRF:0
BRH:0
end_of_record
TN:
SF:src/renderer/App.jsx
FN:38,App
FN:59,(anonymous_1)
FN:60,(anonymous_2)
FN:64,(anonymous_3)
FN:67,(anonymous_4)
FN:71,(anonymous_5)
FN:77,(anonymous_6)
FN:87,(anonymous_7)
FN:95,(anonymous_8)
FN:120,(anonymous_9)
FN:144,(anonymous_10)
FN:146,(anonymous_11)
FN:149,(anonymous_12)
FN:207,(anonymous_13)
FN:220,(anonymous_14)
FN:229,(anonymous_15)
FN:264,(anonymous_16)
FN:288,(anonymous_17)
FN:298,(anonymous_18)
FN:305,(anonymous_19)
FN:317,(anonymous_20)
FN:325,(anonymous_21)
FN:346,(anonymous_22)
FN:354,(anonymous_23)
FN:364,(anonymous_24)
FN:375,(anonymous_25)
FNF:26
FNH:6
FNDA:6,App
FNDA:0,(anonymous_1)
FNDA:0,(anonymous_2)
FNDA:5,(anonymous_3)
FNDA:0,(anonymous_4)
FNDA:0,(anonymous_5)
FNDA:0,(anonymous_6)
FNDA:5,(anonymous_7)
FNDA:0,(anonymous_8)
FNDA:0,(anonymous_9)
FNDA:0,(anonymous_10)
FNDA:0,(anonymous_11)
FNDA:6,(anonymous_12)
FNDA:0,(anonymous_13)
FNDA:0,(anonymous_14)
FNDA:0,(anonymous_15)
FNDA:2,(anonymous_16)
FNDA:0,(anonymous_17)
FNDA:1,(anonymous_18)
FNDA:0,(anonymous_19)
FNDA:0,(anonymous_20)
FNDA:0,(anonymous_21)
FNDA:0,(anonymous_22)
FNDA:0,(anonymous_23)
FNDA:0,(anonymous_24)
FNDA:0,(anonymous_25)
DA:39,6
DA:40,6
DA:41,6
DA:42,6
DA:43,6
DA:49,6
DA:50,6
DA:51,6
DA:54,6
DA:59,6
DA:60,0
DA:64,6
DA:65,5
DA:66,5
DA:67,5
DA:68,0
DA:69,0
DA:71,5
DA:72,0
DA:73,0
DA:77,5
DA:78,0
DA:79,0
DA:80,0
DA:81,0
DA:82,0
DA:83,0
DA:87,5
DA:88,5
DA:89,5
DA:90,5
DA:91,5
DA:95,6
DA:96,0
DA:97,0
DA:99,0
DA:101,0
DA:102,0
DA:104,0
DA:107,0
DA:108,0
DA:109,0
DA:111,0
DA:114,0
DA:115,0
DA:116,0
DA:120,6
DA:121,0
DA:123,0
DA:125,0
DA:126,0
DA:128,0
DA:131,0
DA:132,0
DA:133,0
DA:134,0
DA:136,0
DA:139,0
DA:140,0
DA:144,6
DA:145,0
DA:146,0
DA:149,6
DA:150,6
DA:152,5
DA:208,0
DA:220,0
DA:230,0
DA:243,0
DA:253,1
DA:265,2
DA:274,0
DA:278,6
DA:288,0
DA:298,1
DA:305,0
DA:317,0
DA:325,0
DA:346,0
DA:354,0
DA:364,0
DA:375,0
LF:82
LH:31
BRDA:69,0,0,0
BRDA:69,0,1,0
BRDA:73,1,0,0
BRDA:73,1,1,0
BRDA:78,2,0,0
BRDA:78,2,1,0
BRDA:78,3,0,0
BRDA:78,3,1,0
BRDA:81,4,0,0
BRDA:81,4,1,0
BRDA:81,5,0,0
BRDA:81,5,1,0
BRDA:101,6,0,0
BRDA:101,6,1,0
BRDA:107,7,0,0
BRDA:107,7,1,0
BRDA:111,8,0,0
BRDA:111,8,1,0
BRDA:125,9,0,0
BRDA:125,9,1,0
BRDA:131,10,0,0
BRDA:131,10,1,0
BRDA:136,11,0,0
BRDA:136,11,1,0
BRDA:150,12,0,5
BRDA:150,12,1,0
BRDA:150,12,2,1
BRDA:150,12,3,0
BRDA:158,13,0,5
BRDA:158,13,1,0
BRDA:163,14,0,0
BRDA:163,14,1,5
BRDA:163,15,0,0
BRDA:163,15,1,5
BRDA:166,16,0,0
BRDA:166,16,1,5
BRDA:166,17,0,5
BRDA:166,17,1,5
BRDA:170,18,0,0
BRDA:170,18,1,5
BRDA:171,19,0,0
BRDA:171,19,1,5
BRDA:172,20,0,5
BRDA:172,20,1,5
BRDA:174,21,0,0
BRDA:174,21,1,5
BRDA:180,22,0,5
BRDA:180,22,1,0
BRDA:199,23,0,5
BRDA:199,23,1,5
BRDA:203,24,0,5
BRDA:203,24,1,0
BRDA:225,25,0,5
BRDA:225,25,1,0
BRDA:315,26,0,6
BRDA:315,26,1,0
BRDA:323,27,0,0
BRDA:323,27,1,6
BRDA:332,28,0,6
BRDA:332,28,1,0
BRDA:350,29,0,6
BRDA:350,29,1,0
BRF:62
BRH:22
end_of_record
TN:
SF:src/renderer/index.jsx
FNF:0
FNH:0
DA:6,0
DA:7,0
LF:2
LH:0
BRF:0
BRH:0
end_of_record
TN:
SF:src/renderer/components/DeviceCard.jsx
FN:8,DeviceCard
FN:9,(anonymous_1)
FNF:2
FNH:2
FNDA:15,DeviceCard
FNDA:15,(anonymous_1)
DA:9,15
DA:10,15
DA:11,8
DA:12,2
DA:13,2
DA:14,3
DA:18,15
DA:43,1
LF:8
LH:8
BRDA:8,0,0,1
BRDA:10,1,0,8
BRDA:10,1,1,2
BRDA:10,1,2,2
BRDA:10,1,3,3
BRF:5
BRH:5
end_of_record
