TN:
SF:src/index.js
FNF:0
FNH:0
LF:0
LH:0
BRF:0
BRH:0
end_of_record
TN:
SF:src/main.js
FN:11,createWindow
FN:32,(anonymous_1)
FN:37,(anonymous_2)
FN:53,(anonymous_3)
FN:66,(anonymous_4)
FN:71,(anonymous_5)
FN:74,(anonymous_6)
FN:79,(anonymous_7)
FN:84,parseClientEvents
FN:125,(anonymous_9)
FN:129,(anonymous_10)
FN:134,(anonymous_11)
FN:157,(anonymous_12)
FN:158,(anonymous_13)
FN:171,(anonymous_14)
FN:178,(anonymous_15)
FN:198,(anonymous_16)
FN:205,(anonymous_17)
FN:236,(anonymous_18)
FN:249,(anonymous_19)
FN:260,(anonymous_20)
FN:266,(anonymous_21)
FN:275,(anonymous_22)
FN:289,(anonymous_23)
FN:298,(anonymous_24)
FN:299,(anonymous_25)
FN:305,(anonymous_26)
FN:316,(anonymous_27)
FN:337,(anonymous_28)
FN:338,(anonymous_29)
FN:345,(anonymous_30)
FN:352,(anonymous_31)
FN:363,(anonymous_32)
FN:370,(anonymous_33)
FN:394,(anonymous_34)
FN:408,(anonymous_35)
FN:416,(anonymous_36)
FN:417,(anonymous_37)
FN:423,(anonymous_38)
FN:434,(anonymous_39)
FN:441,(anonymous_40)
FN:447,(anonymous_41)
FNF:42
FNH:0
FNDA:0,createWindow
FNDA:0,(anonymous_1)
FNDA:0,(anonymous_2)
FNDA:0,(anonymous_3)
FNDA:0,(anonymous_4)
FNDA:0,(anonymous_5)
FNDA:0,(anonymous_6)
FNDA:0,(anonymous_7)
FNDA:0,parseClientEvents
FNDA:0,(anonymous_9)
FNDA:0,(anonymous_10)
FNDA:0,(anonymous_11)
FNDA:0,(anonymous_12)
FNDA:0,(anonymous_13)
FNDA:0,(anonymous_14)
FNDA:0,(anonymous_15)
FNDA:0,(anonymous_16)
FNDA:0,(anonymous_17)
FNDA:0,(anonymous_18)
FNDA:0,(anonymous_19)
FNDA:0,(anonymous_20)
FNDA:0,(anonymous_21)
FNDA:0,(anonymous_22)
FNDA:0,(anonymous_23)
FNDA:0,(anonymous_24)
FNDA:0,(anonymous_25)
FNDA:0,(anonymous_26)
FNDA:0,(anonymous_27)
FNDA:0,(anonymous_28)
FNDA:0,(anonymous_29)
FNDA:0,(anonymous_30)
FNDA:0,(anonymous_31)
FNDA:0,(anonymous_32)
FNDA:0,(anonymous_33)
FNDA:0,(anonymous_34)
FNDA:0,(anonymous_35)
FNDA:0,(anonymous_36)
FNDA:0,(anonymous_37)
FNDA:0,(anonymous_38)
FNDA:0,(anonymous_39)
FNDA:0,(anonymous_40)
FNDA:0,(anonymous_41)
DA:1,0
DA:2,0
DA:3,0
DA:5,0
DA:7,0
DA:8,0
DA:9,0
DA:12,0
DA:29,0
DA:32,0
DA:33,0
DA:37,0
DA:38,0
DA:49,0
DA:50,0
DA:51,0
DA:53,0
DA:54,0
DA:56,0
DA:60,0
DA:62,0
DA:66,0
DA:67,0
DA:71,0
DA:72,0
DA:74,0
DA:75,0
DA:79,0
DA:80,0
DA:85,0
DA:87,0
DA:88,0
DA:89,0
DA:90,0
DA:91,0
DA:98,0
DA:99,0
DA:100,0
DA:101,0
DA:105,0
DA:106,0
DA:107,0
DA:110,0
DA:111,0
DA:112,0
DA:113,0
DA:114,0
DA:115,0
DA:118,0
DA:121,0
DA:125,0
DA:126,0
DA:129,0
DA:130,0
DA:134,0
DA:135,0
DA:136,0
DA:137,0
DA:141,0
DA:143,0
DA:145,0
DA:157,0
DA:158,0
DA:159,0
DA:160,0
DA:161,0
DA:163,0
DA:166,0
DA:167,0
DA:169,0
DA:171,0
DA:172,0
DA:175,0
DA:176,0
DA:178,0
DA:179,0
DA:180,0
DA:181,0
DA:184,0
DA:186,0
DA:187,0
DA:188,0
DA:189,0
DA:190,0
DA:196,0
DA:198,0
DA:199,0
DA:202,0
DA:203,0
DA:205,0
DA:206,0
DA:207,0
DA:208,0
DA:211,0
DA:214,0
DA:220,0
DA:223,0
DA:226,0
DA:227,0
DA:228,0
DA:229,0
DA:230,0
DA:236,0
DA:237,0
DA:238,0
DA:239,0
DA:240,0
DA:241,0
DA:242,0
DA:243,0
DA:244,0
DA:245,0
DA:249,0
DA:250,0
DA:251,0
DA:252,0
DA:253,0
DA:254,0
DA:255,0
DA:260,0
DA:261,0
DA:262,0
DA:265,0
DA:266,0
DA:267,0
DA:268,0
DA:269,0
DA:270,0
DA:271,0
DA:275,0
DA:277,0
DA:280,0
DA:285,0
DA:289,0
DA:290,0
DA:291,0
DA:292,0
DA:295,0
DA:296,0
DA:298,0
DA:299,0
DA:300,0
DA:301,0
DA:302,0
DA:305,0
DA:306,0
DA:307,0
DA:308,0
DA:312,0
DA:316,0
DA:317,0
DA:318,0
DA:319,0
DA:322,0
DA:323,0
DA:325,0
DA:337,0
DA:338,0
DA:339,0
DA:342,0
DA:343,0
DA:345,0
DA:346,0
DA:349,0
DA:350,0
DA:352,0
DA:353,0
DA:354,0
DA:355,0
DA:356,0
DA:357,0
DA:363,0
DA:364,0
DA:367,0
DA:368,0
DA:370,0
DA:371,0
DA:373,0
DA:374,0
DA:375,0
DA:379,0
DA:385,0
DA:388,0
DA:394,0
DA:395,0
DA:396,0
DA:397,0
DA:398,0
DA:399,0
DA:404,0
DA:408,0
DA:409,0
DA:410,0
DA:411,0
DA:414,0
DA:416,0
DA:417,0
DA:418,0
DA:419,0
DA:420,0
DA:423,0
DA:424,0
DA:425,0
DA:426,0
DA:430,0
DA:434,0
DA:435,0
DA:441,0
DA:443,0
DA:447,0
DA:448,0
DA:449,0
DA:451,0
DA:452,0
LF:214
LH:0
BRDA:49,0,0,0
BRDA:49,0,1,0
BRDA:50,1,0,0
BRDA:50,1,1,0
BRDA:75,2,0,0
BRDA:75,2,1,0
BRDA:80,3,0,0
BRDA:80,3,1,0
BRDA:88,4,0,0
BRDA:88,4,1,0
BRDA:106,5,0,0
BRDA:106,5,1,0
BRDA:111,6,0,0
BRDA:111,6,1,0
BRDA:136,7,0,0
BRDA:136,7,1,0
BRDA:149,8,0,0
BRDA:149,8,1,0
BRDA:159,9,0,0
BRDA:159,9,1,0
BRDA:179,10,0,0
BRDA:179,10,1,0
BRDA:186,11,0,0
BRDA:186,11,1,0
BRDA:186,12,0,0
BRDA:186,12,1,0
BRDA:206,13,0,0
BRDA:206,13,1,0
BRDA:214,14,0,0
BRDA:214,14,1,0
BRDA:214,15,0,0
BRDA:214,15,1,0
BRDA:214,15,2,0
BRDA:214,15,3,0
BRDA:214,15,4,0
BRDA:214,15,5,0
BRDA:226,16,0,0
BRDA:226,16,1,0
BRDA:226,17,0,0
BRDA:226,17,1,0
BRDA:226,17,2,0
BRDA:242,18,0,0
BRDA:242,18,1,0
BRDA:242,19,0,0
BRDA:242,19,1,0
BRDA:251,20,0,0
BRDA:251,20,1,0
BRDA:261,21,0,0
BRDA:261,21,1,0
BRDA:261,22,0,0
BRDA:261,22,1,0
BRDA:267,23,0,0
BRDA:267,23,1,0
BRDA:291,24,0,0
BRDA:291,24,1,0
BRDA:318,25,0,0
BRDA:318,25,1,0
BRDA:330,26,0,0
BRDA:330,26,1,0
BRDA:353,27,0,0
BRDA:353,27,1,0
BRDA:355,28,0,0
BRDA:355,28,1,0
BRDA:371,29,0,0
BRDA:371,29,1,0
BRDA:373,30,0,0
BRDA:373,30,1,0
BRDA:379,31,0,0
BRDA:379,31,1,0
BRDA:379,32,0,0
BRDA:379,32,1,0
BRDA:379,32,2,0
BRDA:379,32,3,0
BRDA:379,32,4,0
BRDA:379,32,5,0
BRDA:397,33,0,0
BRDA:397,33,1,0
BRDA:410,34,0,0
BRDA:410,34,1,0
BRDA:436,35,0,0
BRDA:436,35,1,0
BRDA:437,36,0,0
BRDA:437,36,1,0
BRDA:448,37,0,0
BRDA:448,37,1,0
BRDA:451,38,0,0
BRDA:451,38,1,0
BRF:87
BRH:0
end_of_record
TN:
SF:src/preload.js
FN:5,(anonymous_0)
FN:6,(anonymous_1)
FN:9,(anonymous_2)
FN:10,(anonymous_3)
FN:11,(anonymous_4)
FN:12,(anonymous_5)
FN:13,(anonymous_6)
FN:16,(anonymous_7)
FN:17,(anonymous_8)
FN:18,(anonymous_9)
FN:20,(anonymous_10)
FN:21,(anonymous_11)
FN:22,(anonymous_12)
FN:24,(anonymous_13)
FN:25,(anonymous_14)
FN:26,(anonymous_15)
FN:28,(anonymous_16)
FN:29,(anonymous_17)
FN:30,(anonymous_18)
FN:34,(anonymous_19)
FN:35,(anonymous_20)
FN:36,(anonymous_21)
FN:37,(anonymous_22)
FN:39,(anonymous_23)
FN:40,(anonymous_24)
FN:41,(anonymous_25)
FNF:26
FNH:0
FNDA:0,(anonymous_0)
FNDA:0,(anonymous_1)
FNDA:0,(anonymous_2)
FNDA:0,(anonymous_3)
FNDA:0,(anonymous_4)
FNDA:0,(anonymous_5)
FNDA:0,(anonymous_6)
FNDA:0,(anonymous_7)
FNDA:0,(anonymous_8)
FNDA:0,(anonymous_9)
FNDA:0,(anonymous_10)
FNDA:0,(anonymous_11)
FNDA:0,(anonymous_12)
FNDA:0,(anonymous_13)
FNDA:0,(anonymous_14)
FNDA:0,(anonymous_15)
FNDA:0,(anonymous_16)
FNDA:0,(anonymous_17)
FNDA:0,(anonymous_18)
FNDA:0,(anonymous_19)
FNDA:0,(anonymous_20)
FNDA:0,(anonymous_21)
FNDA:0,(anonymous_22)
FNDA:0,(anonymous_23)
FNDA:0,(anonymous_24)
FNDA:0,(anonymous_25)
DA:1,0
DA:3,0
DA:5,0
DA:6,0
DA:9,0
DA:10,0
DA:11,0
DA:12,0
DA:13,0
DA:17,0
DA:18,0
DA:21,0
DA:22,0
DA:25,0
DA:26,0
DA:29,0
DA:30,0
DA:34,0
DA:36,0
DA:37,0
DA:40,0
DA:41,0
LF:22
LH:0
BRF:0
BRH:0
end_of_record
TN:
SF:src/renderer/App.jsx
FN:39,App
FN:60,(anonymous_1)
FN:61,(anonymous_2)
FN:65,(anonymous_3)
FN:68,(anonymous_4)
FN:77,(anonymous_5)
FN:83,(anonymous_6)
FN:84,(anonymous_7)
FN:86,(anonymous_8)
FN:100,(anonymous_9)
FN:101,(anonymous_10)
FN:102,(anonymous_11)
FN:106,(anonymous_12)
FN:111,(anonymous_13)
FN:116,(anonymous_14)
FN:118,(anonymous_15)
FN:126,(anonymous_16)
FN:135,(anonymous_17)
FN:145,(anonymous_18)
FN:170,(anonymous_19)
FN:194,(anonymous_20)
FN:196,(anonymous_21)
FN:199,(anonymous_22)
FN:262,(anonymous_23)
FN:265,(anonymous_24)
FN:267,(anonymous_25)
FN:276,(anonymous_26)
FN:298,(anonymous_27)
FN:313,(anonymous_28)
FN:345,(anonymous_29)
FN:407,(anonymous_30)
FN:431,(anonymous_31)
FN:441,(anonymous_32)
FN:448,(anonymous_33)
FN:460,(anonymous_34)
FN:468,(anonymous_35)
FN:489,(anonymous_36)
FN:497,(anonymous_37)
FN:507,(anonymous_38)
FN:518,(anonymous_39)
FNF:40
FNH:28
FNDA:58,App
FNDA:0,(anonymous_1)
FNDA:0,(anonymous_2)
FNDA:27,(anonymous_3)
FNDA:4,(anonymous_4)
FNDA:0,(anonymous_5)
FNDA:21,(anonymous_6)
FNDA:21,(anonymous_7)
FNDA:12,(anonymous_8)
FNDA:5,(anonymous_9)
FNDA:5,(anonymous_10)
FNDA:8,(anonymous_11)
FNDA:12,(anonymous_12)
FNDA:27,(anonymous_13)
FNDA:1,(anonymous_14)
FNDA:1,(anonymous_15)
FNDA:0,(anonymous_16)
FNDA:27,(anonymous_17)
FNDA:0,(anonymous_18)
FNDA:0,(anonymous_19)
FNDA:27,(anonymous_20)
FNDA:25,(anonymous_21)
FNDA:57,(anonymous_22)
FNDA:3,(anonymous_23)
FNDA:1,(anonymous_24)
FNDA:1,(anonymous_25)
FNDA:1,(anonymous_26)
FNDA:34,(anonymous_27)
FNDA:0,(anonymous_28)
FNDA:44,(anonymous_29)
FNDA:2,(anonymous_30)
FNDA:2,(anonymous_31)
FNDA:1,(anonymous_32)
FNDA:0,(anonymous_33)
FNDA:0,(anonymous_34)
FNDA:2,(anonymous_35)
FNDA:0,(anonymous_36)
FNDA:0,(anonymous_37)
FNDA:0,(anonymous_38)
FNDA:2,(anonymous_39)
DA:40,58
DA:41,57
DA:42,57
DA:43,57
DA:44,57
DA:50,57
DA:51,57
DA:52,57
DA:55,57
DA:60,57
DA:61,0
DA:65,57
DA:66,27
DA:67,27
DA:68,27
DA:69,4
DA:70,4
DA:71,1
DA:72,1
DA:73,3
DA:74,3
DA:77,27
DA:78,0
DA:79,0
DA:83,27
DA:84,21
DA:86,21
DA:87,21
DA:89,20
DA:90,20
DA:100,27
DA:101,5
DA:102,8
DA:103,5
DA:104,5
DA:106,12
DA:111,27
DA:112,27
DA:113,1
DA:114,1
DA:116,1
DA:117,1
DA:118,1
DA:129,26
DA:130,0
DA:131,0
DA:135,27
DA:136,27
DA:137,27
DA:138,27
DA:139,27
DA:140,27
DA:141,27
DA:145,57
DA:146,0
DA:147,0
DA:149,0
DA:151,0
DA:152,0
DA:154,0
DA:157,0
DA:158,0
DA:159,0
DA:161,0
DA:164,0
DA:165,0
DA:166,0
DA:170,57
DA:171,0
DA:173,0
DA:175,0
DA:176,0
DA:178,0
DA:181,0
DA:182,0
DA:183,0
DA:184,0
DA:186,0
DA:189,0
DA:190,0
DA:194,57
DA:195,27
DA:196,27
DA:199,57
DA:200,57
DA:202,56
DA:264,3
DA:265,2
DA:266,1
DA:267,1
DA:274,1
DA:277,1
DA:299,34
DA:313,0
DA:346,44
DA:386,0
DA:396,1
DA:408,2
DA:417,0
DA:421,57
DA:431,2
DA:441,1
DA:448,0
DA:460,0
DA:468,2
DA:489,0
DA:497,0
DA:507,0
DA:518,2
LF:109
LH:71
BRDA:70,0,0,1
BRDA:70,0,1,3
BRDA:73,1,0,3
BRDA:73,1,1,0
BRDA:79,2,0,0
BRDA:79,2,1,0
BRDA:87,3,0,1
BRDA:87,3,1,20
BRDA:89,4,0,20
BRDA:89,4,1,1
BRDA:92,5,0,20
BRDA:92,5,1,1
BRDA:93,6,0,20
BRDA:93,6,1,1
BRDA:103,7,0,5
BRDA:103,7,1,0
BRDA:112,8,0,1
BRDA:112,8,1,26
BRDA:112,9,0,27
BRDA:112,9,1,25
BRDA:117,10,0,1
BRDA:117,10,1,0
BRDA:117,11,0,1
BRDA:117,11,1,1
BRDA:120,12,0,1
BRDA:120,12,1,0
BRDA:121,13,0,1
BRDA:121,13,1,0
BRDA:123,14,0,1
BRDA:123,14,1,0
BRDA:129,15,0,0
BRDA:129,15,1,26
BRDA:129,16,0,26
BRDA:129,16,1,2
BRDA:151,17,0,0
BRDA:151,17,1,0
BRDA:157,18,0,0
BRDA:157,18,1,0
BRDA:161,19,0,0
BRDA:161,19,1,0
BRDA:175,20,0,0
BRDA:175,20,1,0
BRDA:181,21,0,0
BRDA:181,21,1,0
BRDA:186,22,0,0
BRDA:186,22,1,0
BRDA:200,23,0,56
BRDA:200,23,1,0
BRDA:200,23,2,1
BRDA:200,23,3,0
BRDA:208,24,0,52
BRDA:208,24,1,4
BRDA:213,25,0,4
BRDA:213,25,1,52
BRDA:213,26,0,0
BRDA:213,26,1,52
BRDA:216,27,0,0
BRDA:216,27,1,56
BRDA:216,28,0,56
BRDA:216,28,1,56
BRDA:220,29,0,4
BRDA:220,29,1,52
BRDA:221,30,0,4
BRDA:221,30,1,52
BRDA:222,31,0,56
BRDA:222,31,1,56
BRDA:224,32,0,4
BRDA:224,32,1,52
BRDA:230,33,0,52
BRDA:230,33,1,4
BRDA:249,34,0,56
BRDA:249,34,1,52
BRDA:256,35,0,38
BRDA:256,35,1,14
BRDA:258,36,0,20
BRDA:258,36,1,32
BRDA:264,37,0,2
BRDA:264,37,1,1
BRDA:264,38,0,3
BRDA:264,38,1,2
BRDA:266,39,0,1
BRDA:266,39,1,0
BRDA:269,40,0,1
BRDA:269,40,1,0
BRDA:270,41,0,1
BRDA:270,41,1,0
BRDA:272,42,0,1
BRDA:272,42,1,0
BRDA:287,43,0,32
BRDA:287,43,1,20
BRDA:293,44,0,3
BRDA:293,44,1,29
BRDA:334,45,0,32
BRDA:334,45,1,24
BRDA:458,46,0,53
BRDA:458,46,1,4
BRDA:466,47,0,4
BRDA:466,47,1,53
BRDA:475,48,0,53
BRDA:475,48,1,4
BRDA:493,49,0,57
BRDA:493,49,1,4
BRF:102
BRH:73
end_of_record
TN:
SF:src/renderer/index.jsx
FNF:0
FNH:0
DA:6,0
DA:7,0
LF:2
LH:0
BRF:0
BRH:0
end_of_record
TN:
SF:src/renderer/components/DeviceCard.jsx
FN:8,DeviceCard
FN:9,(anonymous_1)
FNF:2
FNH:2
FNDA:15,DeviceCard
FNDA:15,(anonymous_1)
DA:9,15
DA:10,15
DA:11,8
DA:12,2
DA:13,2
DA:14,3
DA:18,15
DA:43,1
LF:8
LH:8
BRDA:8,0,0,1
BRDA:10,1,0,8
BRDA:10,1,1,2
BRDA:10,1,2,2
BRDA:10,1,3,3
BRF:5
BRH:5
end_of_record
